{"meta": {"format": 3, "version": "7.13.3", "timestamp": "2026-08-06T17:02:35.883176", "branch_coverage": false, "show_contexts": false}, "files": {"scripts/vibecodekit_mql5/__init__.py": {"executed_lines": [13, 14], "summary": {"covered_lines": 2, "num_statements": 2, "percent_covered": 100.0, "percent_covered_display": "100", "missing_lines": 0, "excluded_lines": 0, "percent_statements_covered": 100.0, "percent_statements_covered_display": "100"}, "missing_lines": [], "excluded_lines": [], "functions": {"": {"executed_lines": [13, 14], "summary": {"covered_lines": 2, "num_statements": 2, "percent_covered": 100.0, "percent_covered_display": "100", "missing_lines": 0, "excluded_lines": 0, "percent_statements_covered": 100.0, "percent_statements_covered_display": "100"}, "missing_lines": [], "excluded_lines": [], "start_line": 1}}, "classes": {"": {"executed_lines": [13, 14], "summary": {"covered_lines": 2, "num_statements": 2, "percent_covered": 100.0, "percent_covered_display": "100", "missing_lines": 0, "excluded_lines": 0, "percent_statements_covered": 100.0, "percent_statements_covered_display": "100"}, "missing_lines": [], "excluded_lines": [], "start_line": 1}}}, "scripts/vibecodekit_mql5/_agent_io.py": {"executed_lines": [34, 36, 37, 38, 39, 40, 41, 43, 46, 55, 64, 80, 89, 99, 100, 114, 122, 132, 133, 134, 135, 136, 137, 138, 139, 144, 145, 146, 148, 167, 183, 206, 216, 221, 226, 231], "summary": {"covered_lines": 36, "num_statements": 68, "percent_covered": 52.94117647058823, "percent_covered_display": "53", "missing_lines": 32, "excluded_lines": 0, "percent_statements_covered": 52.94117647058823, "percent_statements_covered_display": "53"}, "missing_lines": [101, 102, 103, 104, 105, 106, 107, 108, 109, 110, 111, 149, 158, 159, 164, 177, 178, 179, 180, 190, 191, 193, 212, 213, 218, 223, 228, 238, 239, 240, 241, 242], "excluded_lines": [], "functions": {"add_json_flag": {"executed_lines": [55], "summary": {"covered_lines": 1, "num_statements": 1, "percent_covered": 100.0, "percent_covered_display": "100", "missing_lines": 0, "excluded_lines": 0, "percent_statements_covered": 100.0, "percent_statements_covered_display": "100"}, "missing_lines": [], "excluded_lines": [], "start_line": 46}, "add_draft_flag": {"executed_lines": [80], "summary": {"covered_lines": 1, "num_statements": 1, "percent_covered": 100.0, "percent_covered_display": "100", "missing_lines": 0, "excluded_lines": 0, "percent_statements_covered": 100.0, "percent_statements_covered_display": "100"}, "missing_lines": [], "excluded_lines": [], "start_line": 64}, "apply_draft": {"executed_lines": [99, 100], "summary": {"covered_lines": 2, "num_statements": 13, "percent_covered": 15.384615384615385, "percent_covered_display": "15", "missing_lines": 11, "excluded_lines": 0, "percent_statements_covered": 15.384615384615385, "percent_statements_covered_display": "15"}, "missing_lines": [101, 102, 103, 104, 105, 106, 107, 108, 109, 110, 111], "excluded_lines": [], "start_line": 89}, "add_gate_report_flag": {"executed_lines": [122], "summary": {"covered_lines": 1, "num_statements": 1, "percent_covered": 100.0, "percent_covered_display": "100", "missing_lines": 0, "excluded_lines": 0, "percent_statements_covered": 100.0, "percent_statements_covered_display": "100"}, "missing_lines": [], "excluded_lines": [], "start_line": 114}, "Envelope.to_dict": {"executed_lines": [], "summary": {"covered_lines": 0, "num_statements": 4, "percent_covered": 0.0, "percent_covered_display": "0", "missing_lines": 4, "excluded_lines": 0, "percent_statements_covered": 0.0, "percent_statements_covered_display": "0"}, "missing_lines": [149, 158, 159, 164], "excluded_lines": [], "start_line": 148}, "emit": {"executed_lines": [], "summary": {"covered_lines": 0, "num_statements": 4, "percent_covered": 0.0, "percent_covered_display": "0", "missing_lines": 4, "excluded_lines": 0, "percent_statements_covered": 0.0, "percent_statements_covered_display": "0"}, "missing_lines": [177, 178, 179, 180], "excluded_lines": [], "start_line": 167}, "write_gate_report": {"executed_lines": [], "summary": {"covered_lines": 0, "num_statements": 3, "percent_covered": 0.0, "percent_covered_display": "0", "missing_lines": 3, "excluded_lines": 0, "percent_statements_covered": 0.0, "percent_statements_covered_display": "0"}, "missing_lines": [190, 191, 193], "excluded_lines": [], "start_line": 183}, "diag": {"executed_lines": [], "summary": {"covered_lines": 0, "num_statements": 2, "percent_covered": 0.0, "percent_covered_display": "0", "missing_lines": 2, "excluded_lines": 0, "percent_statements_covered": 0.0, "percent_statements_covered_display": "0"}, "missing_lines": [212, 213], "excluded_lines": [], "start_line": 206}, "info": {"executed_lines": [], "summary": {"covered_lines": 0, "num_statements": 1, "percent_covered": 0.0, "percent_covered_display": "0", "missing_lines": 1, "excluded_lines": 0, "percent_statements_covered": 0.0, "percent_statements_covered_display": "0"}, "missing_lines": [218], "excluded_lines": [], "start_line": 216}, "warn": {"executed_lines": [], "summary": {"covered_lines": 0, "num_statements": 1, "percent_covered": 0.0, "percent_covered_display": "0", "missing_lines": 1, "excluded_lines": 0, "percent_statements_covered": 0.0, "percent_statements_covered_display": "0"}, "missing_lines": [223], "excluded_lines": [], "start_line": 221}, "error": {"executed_lines": [], "summary": {"covered_lines": 0, "num_statements": 1, "percent_covered": 0.0, "percent_covered_display": "0", "missing_lines": 1, "excluded_lines": 0, "percent_statements_covered": 0.0, "percent_statements_covered_display": "0"}, "missing_lines": [228], "excluded_lines": [], "start_line": 226}, "maybe_emit": {"executed_lines": [], "summary": {"covered_lines": 0, "num_statements": 5, "percent_covered": 0.0, "percent_covered_display": "0", "missing_lines": 5, "excluded_lines": 0, "percent_statements_covered": 0.0, "percent_statements_covered_display": "0"}, "missing_lines": [238, 239, 240, 241, 242], "excluded_lines": [], "start_line": 231}, "": {"executed_lines": [34, 36, 37, 38, 39, 40, 41, 43, 46, 64, 89, 114, 132, 133, 134, 135, 136, 137, 138, 139, 144, 145, 146, 148, 167, 183, 206, 216, 221, 226, 231], "summary": {"covered_lines": 31, "num_statements": 31, "percent_covered": 100.0, "percent_covered_display": "100", "missing_lines": 0, "excluded_lines": 0, "percent_statements_covered": 100.0, "percent_statements_covered_display": "100"}, "missing_lines": [], "excluded_lines": [], "start_line": 1}}, "classes": {"Envelope": {"executed_lines": [], "summary": {"covered_lines": 0, "num_statements": 4, "percent_covered": 0.0, "percent_covered_display": "0", "missing_lines": 4, "excluded_lines": 0, "percent_statements_covered": 0.0, "percent_statements_covered_display": "0"}, "missing_lines": [149, 158, 159, 164], "excluded_lines": [], "start_line": 133}, "": {"executed_lines": [34, 36, 37, 38, 39, 40, 41, 43, 46, 55, 64, 80, 89, 99, 100, 114, 122, 132, 133, 134, 135, 136, 137, 138, 139, 144, 145, 146, 148, 167, 183, 206, 216, 221, 226, 231], "summary": {"covered_lines": 36, "num_statements": 64, "percent_covered": 56.25, "percent_covered_display": "56", "missing_lines": 28, "excluded_lines": 0, "percent_statements_covered": 56.25, "percent_statements_covered_display": "56"}, "missing_lines": [101, 102, 103, 104, 105, 106, 107, 108, 109, 110, 111, 177, 178, 179, 180, 190, 191, 193, 212, 213, 218, 223, 228, 238, 239, 240, 241, 242], "excluded_lines": [], "start_line": 1}}}, "scripts/vibecodekit_mql5/_deprecation.py": {"executed_lines": [], "summary": {"covered_lines": 0, "num_statements": 12, "percent_covered": 0.0, "percent_covered_display": "0", "missing_lines": 12, "excluded_lines": 0, "percent_statements_covered": 0.0, "percent_statements_covered_display": "0"}, "missing_lines": [7, 9, 10, 11, 14, 15, 20, 21, 22, 25, 33, 34], "excluded_lines": [], "functions": {"deprecation_payload": {"executed_lines": [], "summary": {"covered_lines": 0, "num_statements": 4, "percent_covered": 0.0, "percent_covered_display": "0", "missing_lines": 4, "excluded_lines": 0, "percent_statements_covered": 0.0, "percent_statements_covered_display": "0"}, "missing_lines": [15, 20, 21, 22], "excluded_lines": [], "start_line": 14}, "warn_deprecated": {"executed_lines": [], "summary": {"covered_lines": 0, "num_statements": 2, "percent_covered": 0.0, "percent_covered_display": "0", "missing_lines": 2, "excluded_lines": 0, "percent_statements_covered": 0.0, "percent_statements_covered_display": "0"}, "missing_lines": [33, 34], "excluded_lines": [], "start_line": 25}, "": {"executed_lines": [], "summary": {"covered_lines": 0, "num_statements": 6, "percent_covered": 0.0, "percent_covered_display": "0", "missing_lines": 6, "excluded_lines": 0, "percent_statements_covered": 0.0, "percent_statements_covered_display": "0"}, "missing_lines": [7, 9, 10, 11, 14, 25], "excluded_lines": [], "start_line": 1}}, "classes": {"": {"executed_lines": [], "summary": {"covered_lines": 0, "num_statements": 12, "percent_covered": 0.0, "percent_covered_display": "0", "missing_lines": 12, "excluded_lines": 0, "percent_statements_covered": 0.0, "percent_statements_covered_display": "0"}, "missing_lines": [7, 9, 10, 11, 14, 15, 20, 21, 22, 25, 33, 34], "excluded_lines": [], "start_line": 1}}}, "scripts/vibecodekit_mql5/_resources.py": {"executed_lines": [19, 21, 22, 23, 26, 32, 40, 42, 43, 46, 47, 50, 53, 58, 61, 77, 84, 85, 86, 87, 88, 93, 108, 116, 119], "summary": {"covered_lines": 25, "num_statements": 44, "percent_covered": 56.81818181818182, "percent_covered_display": "57", "missing_lines": 19, "excluded_lines": 0, "percent_statements_covered": 56.81818181818182, "percent_statements_covered_display": "57"}, "missing_lines": [44, 45, 48, 49, 67, 68, 69, 70, 71, 72, 73, 74, 89, 90, 95, 129, 130, 131, 132], "excluded_lines": [], "functions": {"_packaged_resources_root": {"executed_lines": [42, 43, 46, 47, 50], "summary": {"covered_lines": 5, "num_statements": 9, "percent_covered": 55.55555555555556, "percent_covered_display": "56", "missing_lines": 4, "excluded_lines": 0, "percent_statements_covered": 55.55555555555556, "percent_statements_covered_display": "56"}, "missing_lines": [44, 45, 48, 49], "excluded_lines": [], "start_line": 40}, "repo_root": {"executed_lines": [58], "summary": {"covered_lines": 1, "num_statements": 1, "percent_covered": 100.0, "percent_covered_display": "100", "missing_lines": 0, "excluded_lines": 0, "percent_statements_covered": 100.0, "percent_statements_covered_display": "100"}, "missing_lines": [], "excluded_lines": [], "start_line": 53}, "distribution_root": {"executed_lines": [], "summary": {"covered_lines": 0, "num_statements": 8, "percent_covered": 0.0, "percent_covered_display": "0", "missing_lines": 8, "excluded_lines": 0, "percent_statements_covered": 0.0, "percent_statements_covered_display": "0"}, "missing_lines": [67, 68, 69, 70, 71, 72, 73, 74], "excluded_lines": [], "start_line": 61}, "asset_root": {"executed_lines": [84, 85, 86, 87, 88], "summary": {"covered_lines": 5, "num_statements": 7, "percent_covered": 71.42857142857143, "percent_covered_display": "71", "missing_lines": 2, "excluded_lines": 0, "percent_statements_covered": 71.42857142857143, "percent_statements_covered_display": "71"}, "missing_lines": [89, 90], "excluded_lines": [], "start_line": 77}, "template_path": {"executed_lines": [], "summary": {"covered_lines": 0, "num_statements": 1, "percent_covered": 0.0, "percent_covered_display": "0", "missing_lines": 1, "excluded_lines": 0, "percent_statements_covered": 0.0, "percent_statements_covered_display": "0"}, "missing_lines": [95], "excluded_lines": [], "start_line": 93}, "kit_flavor": {"executed_lines": [], "summary": {"covered_lines": 0, "num_statements": 4, "percent_covered": 0.0, "percent_covered_display": "0", "missing_lines": 4, "excluded_lines": 0, "percent_statements_covered": 0.0, "percent_statements_covered_display": "0"}, "missing_lines": [129, 130, 131, 132], "excluded_lines": [], "start_line": 119}, "": {"executed_lines": [19, 21, 22, 23, 26, 32, 40, 53, 61, 77, 93, 108, 116, 119], "summary": {"covered_lines": 14, "num_statements": 14, "percent_covered": 100.0, "percent_covered_display": "100", "missing_lines": 0, "excluded_lines": 0, "percent_statements_covered": 100.0, "percent_statements_covered_display": "100"}, "missing_lines": [], "excluded_lines": [], "start_line": 1}}, "classes": {"": {"executed_lines": [19, 21, 22, 23, 26, 32, 40, 42, 43, 46, 47, 50, 53, 58, 61, 77, 84, 85, 86, 87, 88, 93, 108, 116, 119], "summary": {"covered_lines": 25, "num_statements": 44, "percent_covered": 56.81818181818182, "percent_covered_display": "57", "missing_lines": 19, "excluded_lines": 0, "percent_statements_covered": 56.81818181818182, "percent_statements_covered_display": "57"}, "missing_lines": [44, 45, 48, 49, 67, 68, 69, 70, 71, 72, 73, 74, 89, 90, 95, 129, 130, 131, 132], "excluded_lines": [], "start_line": 1}}}, "scripts/vibecodekit_mql5/_safe_archive.py": {"executed_lines": [], "summary": {"covered_lines": 0, "num_statements": 55, "percent_covered": 0.0, "percent_covered_display": "0", "missing_lines": 55, "excluded_lines": 0, "percent_statements_covered": 0.0, "percent_statements_covered_display": "0"}, "missing_lines": [14, 16, 17, 18, 22, 23, 26, 30, 32, 33, 36, 38, 39, 42, 43, 44, 45, 46, 47, 48, 49, 52, 63, 64, 65, 68, 69, 70, 71, 72, 73, 74, 75, 76, 77, 80, 83, 96, 97, 98, 101, 102, 103, 104, 107, 108, 109, 110, 111, 113, 114, 115, 116, 117, 118], "excluded_lines": [], "functions": {"_is_symlink": {"executed_lines": [], "summary": {"covered_lines": 0, "num_statements": 2, "percent_covered": 0.0, "percent_covered_display": "0", "missing_lines": 2, "excluded_lines": 0, "percent_statements_covered": 0.0, "percent_statements_covered_display": "0"}, "missing_lines": [32, 33], "excluded_lines": [], "start_line": 30}, "_looks_absolute_or_traversing": {"executed_lines": [], "summary": {"covered_lines": 0, "num_statements": 10, "percent_covered": 0.0, "percent_covered_display": "0", "missing_lines": 10, "excluded_lines": 0, "percent_statements_covered": 0.0, "percent_statements_covered_display": "0"}, "missing_lines": [38, 39, 42, 43, 44, 45, 46, 47, 48, 49], "excluded_lines": [], "start_line": 36}, "iter_safe_members": {"executed_lines": [], "summary": {"covered_lines": 0, "num_statements": 14, "percent_covered": 0.0, "percent_covered_display": "0", "missing_lines": 14, "excluded_lines": 0, "percent_statements_covered": 0.0, "percent_statements_covered_display": "0"}, "missing_lines": [63, 64, 65, 68, 69, 70, 71, 72, 73, 74, 75, 76, 77, 80], "excluded_lines": [], "start_line": 52}, "safe_extract": {"executed_lines": [], "summary": {"covered_lines": 0, "num_statements": 18, "percent_covered": 0.0, "percent_covered_display": "0", "missing_lines": 18, "excluded_lines": 0, "percent_statements_covered": 0.0, "percent_statements_covered_display": "0"}, "missing_lines": [96, 97, 98, 101, 102, 103, 104, 107, 108, 109, 110, 111, 113, 114, 115, 116, 117, 118], "excluded_lines": [], "start_line": 83}, "": {"executed_lines": [], "summary": {"covered_lines": 0, "num_statements": 11, "percent_covered": 0.0, "percent_covered_display": "0", "missing_lines": 11, "excluded_lines": 0, "percent_statements_covered": 0.0, "percent_statements_covered_display": "0"}, "missing_lines": [14, 16, 17, 18, 22, 23, 26, 30, 36, 52, 83], "excluded_lines": [], "start_line": 1}}, "classes": {"UnsafeArchiveError": {"executed_lines": [], "summary": {"covered_lines": 0, "num_statements": 0, "percent_covered": 100.0, "percent_covered_display": "100", "missing_lines": 0, "excluded_lines": 0, "percent_statements_covered": 100.0, "percent_statements_covered_display": "100"}, "missing_lines": [], "excluded_lines": [], "start_line": 26}, "": {"executed_lines": [], "summary": {"covered_lines": 0, "num_statements": 55, "percent_covered": 0.0, "percent_covered_display": "0", "missing_lines": 55, "excluded_lines": 0, "percent_statements_covered": 0.0, "percent_statements_covered_display": "0"}, "missing_lines": [14, 16, 17, 18, 22, 23, 26, 30, 32, 33, 36, 38, 39, 42, 43, 44, 45, 46, 47, 48, 49, 52, 63, 64, 65, 68, 69, 70, 71, 72, 73, 74, 75, 76, 77, 80, 83, 96, 97, 98, 101, 102, 103, 104, 107, 108, 109, 110, 111, 113, 114, 115, 116, 117, 118], "excluded_lines": [], "start_line": 1}}}, "scripts/vibecodekit_mql5/_version.py": {"executed_lines": [8, 10, 11, 13, 16, 17, 18, 19, 20, 21, 24, 25, 30, 41, 43], "summary": {"covered_lines": 15, "num_statements": 25, "percent_covered": 60.0, "percent_covered_display": "60", "missing_lines": 10, "excluded_lines": 0, "percent_statements_covered": 60.0, "percent_statements_covered_display": "60"}, "missing_lines": [26, 27, 31, 32, 33, 34, 35, 36, 37, 38], "excluded_lines": [], "functions": {"_from_pyproject": {"executed_lines": [17, 18, 19, 20, 21, 24, 25], "summary": {"covered_lines": 7, "num_statements": 9, "percent_covered": 77.77777777777777, "percent_covered_display": "78", "missing_lines": 2, "excluded_lines": 0, "percent_statements_covered": 77.77777777777777, "percent_statements_covered_display": "78"}, "missing_lines": [26, 27], "excluded_lines": [], "start_line": 16}, "_from_metadata": {"executed_lines": [], "summary": {"covered_lines": 0, "num_statements": 8, "percent_covered": 0.0, "percent_covered_display": "0", "missing_lines": 8, "excluded_lines": 0, "percent_statements_covered": 0.0, "percent_statements_covered_display": "0"}, "missing_lines": [31, 32, 33, 34, 35, 36, 37, 38], "excluded_lines": [], "start_line": 30}, "get_version": {"executed_lines": [43], "summary": {"covered_lines": 1, "num_statements": 1, "percent_covered": 100.0, "percent_covered_display": "100", "missing_lines": 0, "excluded_lines": 0, "percent_statements_covered": 100.0, "percent_statements_covered_display": "100"}, "missing_lines": [], "excluded_lines": [], "start_line": 41}, "": {"executed_lines": [8, 10, 11, 13, 16, 30, 41], "summary": {"covered_lines": 7, "num_statements": 7, "percent_covered": 100.0, "percent_covered_display": "100", "missing_lines": 0, "excluded_lines": 0, "percent_statements_covered": 100.0, "percent_statements_covered_display": "100"}, "missing_lines": [], "excluded_lines": [], "start_line": 1}}, "classes": {"": {"executed_lines": [8, 10, 11, 13, 16, 17, 18, 19, 20, 21, 24, 25, 30, 41, 43], "summary": {"covered_lines": 15, "num_statements": 25, "percent_covered": 60.0, "percent_covered_display": "60", "missing_lines": 10, "excluded_lines": 0, "percent_statements_covered": 60.0, "percent_statements_covered_display": "60"}, "missing_lines": [26, 27, 31, 32, 33, 34, 35, 36, 37, 38], "excluded_lines": [], "start_line": 1}}}, "scripts/vibecodekit_mql5/advanced_codegen.py": {"executed_lines": [7, 9, 10, 11, 12, 13, 14, 16, 18, 19, 20, 21, 22, 23, 26, 27, 30, 31, 34, 35, 38, 39, 42, 73, 85, 86, 87, 90, 91, 92, 93, 94, 102, 105, 106, 107, 110, 111, 112, 114, 117, 118, 119, 121, 125, 126, 127, 129, 136, 139, 140, 141, 142, 143, 149, 150, 151, 152, 153, 161, 162, 163, 164, 165, 166, 167, 168, 169, 170, 174, 175, 185, 186, 187, 189, 190, 191, 192, 193, 196, 197, 198, 201, 202, 208, 209, 210, 211, 212, 213, 214, 215, 216, 217, 218, 219, 220, 221, 222, 224, 279, 280, 281, 282, 283, 388, 389, 390, 391, 392, 393, 394, 398, 410, 425, 426, 427, 428, 429, 430, 431, 434, 490, 531, 558, 572, 596, 608, 630, 646, 656, 705, 931, 932, 938, 939, 940, 941, 942, 943, 977, 978, 990, 991, 992, 996, 1000, 1004, 1020, 1021, 1023, 1024, 1025, 1027, 1028, 1029, 1030, 1031, 1061, 1062, 1063, 1064, 1065, 1066, 1067, 1068, 1069], "summary": {"covered_lines": 167, "num_statements": 175, "percent_covered": 95.42857142857143, "percent_covered_display": "95", "missing_lines": 8, "excluded_lines": 0, "percent_statements_covered": 95.42857142857143, "percent_statements_covered_display": "95"}, "missing_lines": [113, 120, 128, 188, 1022, 1026, 1070, 1071], "excluded_lines": [], "functions": {"_enabled": {"executed_lines": [27], "summary": {"covered_lines": 1, "num_statements": 1, "percent_covered": 100.0, "percent_covered_display": "100", "missing_lines": 0, "excluded_lines": 0, "percent_statements_covered": 100.0, "percent_statements_covered_display": "100"}, "missing_lines": [], "excluded_lines": [], "start_line": 26}, "_p": {"executed_lines": [31], "summary": {"covered_lines": 1, "num_statements": 1, "percent_covered": 100.0, "percent_covered_display": "100", "missing_lines": 0, "excluded_lines": 0, "percent_statements_covered": 100.0, "percent_statements_covered_display": "100"}, "missing_lines": [], "excluded_lines": [], "start_line": 30}, "_r": {"executed_lines": [35], "summary": {"covered_lines": 1, "num_statements": 1, "percent_covered": 100.0, "percent_covered_display": "100", "missing_lines": 0, "excluded_lines": 0, "percent_statements_covered": 100.0, "percent_statements_covered_display": "100"}, "missing_lines": [], "excluded_lines": [], "start_line": 34}, "_magic": {"executed_lines": [39], "summary": {"covered_lines": 1, "num_statements": 1, "percent_covered": 100.0, "percent_covered_display": "100", "missing_lines": 0, "excluded_lines": 0, "percent_statements_covered": 100.0, "percent_statements_covered_display": "100"}, "missing_lines": [], "excluded_lines": [], "start_line": 38}, "_default_signal": {"executed_lines": [86, 87], "summary": {"covered_lines": 2, "num_statements": 2, "percent_covered": 100.0, "percent_covered_display": "100", "missing_lines": 0, "excluded_lines": 0, "percent_statements_covered": 100.0, "percent_statements_covered_display": "100"}, "missing_lines": [], "excluded_lines": [], "start_line": 85}, "_default_dca": {"executed_lines": [91, 92, 93, 94, 102], "summary": {"covered_lines": 5, "num_statements": 5, "percent_covered": 100.0, "percent_covered_display": "100", "missing_lines": 0, "excluded_lines": 0, "percent_statements_covered": 100.0, "percent_statements_covered_display": "100"}, "missing_lines": [], "excluded_lines": [], "start_line": 90}, "_secondary_dca": {"executed_lines": [106, 107], "summary": {"covered_lines": 2, "num_statements": 2, "percent_covered": 100.0, "percent_covered_display": "100", "missing_lines": 0, "excluded_lines": 0, "percent_statements_covered": 100.0, "percent_statements_covered_display": "100"}, "missing_lines": [], "excluded_lines": [], "start_line": 105}, "_command_identifier": {"executed_lines": [111, 112, 114], "summary": {"covered_lines": 3, "num_statements": 4, "percent_covered": 75.0, "percent_covered_display": "75", "missing_lines": 1, "excluded_lines": 0, "percent_statements_covered": 75.0, "percent_statements_covered_display": "75"}, "missing_lines": [113], "excluded_lines": [], "start_line": 110}, "_command_definitions": {"executed_lines": [118, 119, 121, 125, 126, 127, 129, 136], "summary": {"covered_lines": 8, "num_statements": 10, "percent_covered": 80.0, "percent_covered_display": "80", "missing_lines": 2, "excluded_lines": 0, "percent_statements_covered": 80.0, "percent_statements_covered_display": "80"}, "missing_lines": [120, 128], "excluded_lines": [], "start_line": 117}, "_remote_action_statement": {"executed_lines": [140, 141, 142, 143, 149, 150, 151, 152, 153], "summary": {"covered_lines": 9, "num_statements": 9, "percent_covered": 100.0, "percent_covered_display": "100", "missing_lines": 0, "excluded_lines": 0, "percent_statements_covered": 100.0, "percent_statements_covered_display": "100"}, "missing_lines": [], "excluded_lines": [], "start_line": 139}, "_remote_command_handler": {"executed_lines": [162, 163, 164, 165, 166, 167, 168, 169, 170, 174, 175], "summary": {"covered_lines": 11, "num_statements": 11, "percent_covered": 100.0, "percent_covered_display": "100", "missing_lines": 0, "excluded_lines": 0, "percent_statements_covered": 100.0, "percent_statements_covered_display": "100"}, "missing_lines": [], "excluded_lines": [], "start_line": 161}, "_sessions": {"executed_lines": [186, 187, 189, 190, 191, 192, 193], "summary": {"covered_lines": 7, "num_statements": 8, "percent_covered": 87.5, "percent_covered_display": "88", "missing_lines": 1, "excluded_lines": 0, "percent_statements_covered": 87.5, "percent_statements_covered_display": "88"}, "missing_lines": [188], "excluded_lines": [], "start_line": 185}, "_time_policy": {"executed_lines": [197, 198], "summary": {"covered_lines": 2, "num_statements": 2, "percent_covered": 100.0, "percent_covered_display": "100", "missing_lines": 0, "excluded_lines": 0, "percent_statements_covered": 100.0, "percent_statements_covered_display": "100"}, "missing_lines": [], "excluded_lines": [], "start_line": 196}, "_time_basis": {"executed_lines": [202], "summary": {"covered_lines": 1, "num_statements": 1, "percent_covered": 100.0, "percent_covered_display": "100", "missing_lines": 0, "excluded_lines": 0, "percent_statements_covered": 100.0, "percent_statements_covered_display": "100"}, "missing_lines": [], "excluded_lines": [], "start_line": 201}, "_config": {"executed_lines": [209, 210, 211, 212, 213, 214, 215, 216, 217, 218, 219, 220, 221, 222, 224, 279, 280, 281, 282, 283, 388, 389, 390, 391, 392, 393, 394, 398, 410, 425, 426, 427, 428, 429, 430, 431], "summary": {"covered_lines": 36, "num_statements": 36, "percent_covered": 100.0, "percent_covered_display": "100", "missing_lines": 0, "excluded_lines": 0, "percent_statements_covered": 100.0, "percent_statements_covered_display": "100"}, "missing_lines": [], "excluded_lines": [], "start_line": 208}, "_main": {"executed_lines": [932], "summary": {"covered_lines": 1, "num_statements": 1, "percent_covered": 100.0, "percent_covered_display": "100", "missing_lines": 0, "excluded_lines": 0, "percent_statements_covered": 100.0, "percent_statements_covered_display": "100"}, "missing_lines": [], "excluded_lines": [], "start_line": 931}, "_governance_spec": {"executed_lines": [939, 940, 941, 942, 943], "summary": {"covered_lines": 5, "num_statements": 5, "percent_covered": 100.0, "percent_covered_display": "100", "missing_lines": 0, "excluded_lines": 0, "percent_statements_covered": 100.0, "percent_statements_covered_display": "100"}, "missing_lines": [], "excluded_lines": [], "start_line": 938}, "_risk_contract": {"executed_lines": [978], "summary": {"covered_lines": 1, "num_statements": 1, "percent_covered": 100.0, "percent_covered_display": "100", "missing_lines": 0, "excluded_lines": 0, "percent_statements_covered": 100.0, "percent_statements_covered_display": "100"}, "missing_lines": [], "excluded_lines": [], "start_line": 977}, "_evidence_manifest": {"executed_lines": [991, 992, 996, 1000, 1004], "summary": {"covered_lines": 5, "num_statements": 5, "percent_covered": 100.0, "percent_covered_display": "100", "missing_lines": 0, "excluded_lines": 0, "percent_statements_covered": 100.0, "percent_statements_covered_display": "100"}, "missing_lines": [], "excluded_lines": [], "start_line": 990}, "generate": {"executed_lines": [1021, 1023, 1024, 1025, 1027, 1028, 1029, 1030, 1031, 1061, 1062, 1063, 1064, 1065, 1066, 1067, 1068, 1069], "summary": {"covered_lines": 18, "num_statements": 22, "percent_covered": 81.81818181818181, "percent_covered_display": "82", "missing_lines": 4, "excluded_lines": 0, "percent_statements_covered": 81.81818181818181, "percent_statements_covered_display": "82"}, "missing_lines": [1022, 1026, 1070, 1071], "excluded_lines": [], "start_line": 1020}, "": {"executed_lines": [7, 9, 10, 11, 12, 13, 14, 16, 18, 19, 20, 21, 22, 23, 26, 30, 34, 38, 42, 73, 85, 90, 105, 110, 117, 139, 161, 185, 196, 201, 208, 434, 490, 531, 558, 572, 596, 608, 630, 646, 656, 705, 931, 938, 977, 990, 1020], "summary": {"covered_lines": 47, "num_statements": 47, "percent_covered": 100.0, "percent_covered_display": "100", "missing_lines": 0, "excluded_lines": 0, "percent_statements_covered": 100.0, "percent_statements_covered_display": "100"}, "missing_lines": [], "excluded_lines": [], "start_line": 1}}, "classes": {"": {"executed_lines": [7, 9, 10, 11, 12, 13, 14, 16, 18, 19, 20, 21, 22, 23, 26, 27, 30, 31, 34, 35, 38, 39, 42, 73, 85, 86, 87, 90, 91, 92, 93, 94, 102, 105, 106, 107, 110, 111, 112, 114, 117, 118, 119, 121, 125, 126, 127, 129, 136, 139, 140, 141, 142, 143, 149, 150, 151, 152, 153, 161, 162, 163, 164, 165, 166, 167, 168, 169, 170, 174, 175, 185, 186, 187, 189, 190, 191, 192, 193, 196, 197, 198, 201, 202, 208, 209, 210, 211, 212, 213, 214, 215, 216, 217, 218, 219, 220, 221, 222, 224, 279, 280, 281, 282, 283, 388, 389, 390, 391, 392, 393, 394, 398, 410, 425, 426, 427, 428, 429, 430, 431, 434, 490, 531, 558, 572, 596, 608, 630, 646, 656, 705, 931, 932, 938, 939, 940, 941, 942, 943, 977, 978, 990, 991, 992, 996, 1000, 1004, 1020, 1021, 1023, 1024, 1025, 1027, 1028, 1029, 1030, 1031, 1061, 1062, 1063, 1064, 1065, 1066, 1067, 1068, 1069], "summary": {"covered_lines": 167, "num_statements": 175, "percent_covered": 95.42857142857143, "percent_covered_display": "95", "missing_lines": 8, "excluded_lines": 0, "percent_statements_covered": 95.42857142857143, "percent_statements_covered_display": "95"}, "missing_lines": [113, 120, 128, 188, 1022, 1026, 1070, 1071], "excluded_lines": [], "start_line": 1}}}, "scripts/vibecodekit_mql5/agent_cli.py": {"executed_lines": [], "summary": {"covered_lines": 0, "num_statements": 98, "percent_covered": 0.0, "percent_covered_display": "0", "missing_lines": 98, "excluded_lines": 2, "percent_statements_covered": 0.0, "percent_statements_covered_display": "0"}, "missing_lines": [19, 21, 22, 23, 24, 26, 27, 28, 29, 30, 32, 35, 36, 37, 39, 40, 43, 44, 45, 46, 47, 48, 49, 50, 51, 52, 53, 54, 67, 70, 73, 74, 75, 76, 77, 78, 81, 82, 85, 88, 89, 90, 91, 92, 93, 96, 97, 98, 99, 100, 103, 104, 105, 106, 107, 108, 111, 112, 113, 114, 115, 116, 117, 118, 121, 122, 125, 128, 129, 130, 131, 132, 133, 134, 135, 141, 145, 147, 150, 151, 152, 153, 157, 160, 161, 164, 173, 174, 175, 176, 177, 178, 179, 180, 181, 182, 183, 184], "excluded_lines": [187, 188], "functions": {"_emit_or_print": {"executed_lines": [], "summary": {"covered_lines": 0, "num_statements": 4, "percent_covered": 0.0, "percent_covered_display": "0", "missing_lines": 4, "excluded_lines": 0, "percent_statements_covered": 0.0, "percent_statements_covered_display": "0"}, "missing_lines": [36, 37, 39, 40], "excluded_lines": [], "start_line": 35}, "_cmd_export_context": {"executed_lines": [], "summary": {"covered_lines": 0, "num_statements": 13, "percent_covered": 0.0, "percent_covered_display": "0", "missing_lines": 13, "excluded_lines": 0, "percent_statements_covered": 0.0, "percent_statements_covered_display": "0"}, "missing_lines": [44, 45, 46, 47, 48, 49, 50, 51, 52, 53, 54, 67, 70], "excluded_lines": [], "start_line": 43}, "_cmd_next_tip": {"executed_lines": [], "summary": {"covered_lines": 0, "num_statements": 8, "percent_covered": 0.0, "percent_covered_display": "0", "missing_lines": 8, "excluded_lines": 0, "percent_statements_covered": 0.0, "percent_statements_covered_display": "0"}, "missing_lines": [74, 75, 76, 77, 78, 81, 82, 85], "excluded_lines": [], "start_line": 73}, "_cmd_ingest_report": {"executed_lines": [], "summary": {"covered_lines": 0, "num_statements": 27, "percent_covered": 0.0, "percent_covered_display": "0", "missing_lines": 27, "excluded_lines": 0, "percent_statements_covered": 0.0, "percent_statements_covered_display": "0"}, "missing_lines": [89, 90, 91, 92, 93, 96, 97, 98, 99, 100, 103, 104, 105, 106, 107, 108, 111, 112, 113, 114, 115, 116, 117, 118, 121, 122, 125], "excluded_lines": [], "start_line": 88}, "_cmd_status": {"executed_lines": [], "summary": {"covered_lines": 0, "num_statements": 10, "percent_covered": 0.0, "percent_covered_display": "0", "missing_lines": 10, "excluded_lines": 0, "percent_statements_covered": 0.0, "percent_statements_covered_display": "0"}, "missing_lines": [129, 130, 131, 132, 133, 134, 135, 141, 145, 147], "excluded_lines": [], "start_line": 128}, "_cmd_repair_loop": {"executed_lines": [], "summary": {"covered_lines": 0, "num_statements": 6, "percent_covered": 0.0, "percent_covered_display": "0", "missing_lines": 6, "excluded_lines": 0, "percent_statements_covered": 0.0, "percent_statements_covered_display": "0"}, "missing_lines": [151, 152, 153, 157, 160, 161], "excluded_lines": [], "start_line": 150}, "main": {"executed_lines": [], "summary": {"covered_lines": 0, "num_statements": 11, "percent_covered": 0.0, "percent_covered_display": "0", "missing_lines": 11, "excluded_lines": 0, "percent_statements_covered": 0.0, "percent_statements_covered_display": "0"}, "missing_lines": [174, 175, 176, 177, 178, 179, 180, 181, 182, 183, 184], "excluded_lines": [], "start_line": 173}, "": {"executed_lines": [], "summary": {"covered_lines": 0, "num_statements": 19, "percent_covered": 0.0, "percent_covered_display": "0", "missing_lines": 19, "excluded_lines": 2, "percent_statements_covered": 0.0, "percent_statements_covered_display": "0"}, "missing_lines": [19, 21, 22, 23, 24, 26, 27, 28, 29, 30, 32, 35, 43, 73, 88, 128, 150, 164, 173], "excluded_lines": [187, 188], "start_line": 1}}, "classes": {"": {"executed_lines": [], "summary": {"covered_lines": 0, "num_statements": 98, "percent_covered": 0.0, "percent_covered_display": "0", "missing_lines": 98, "excluded_lines": 2, "percent_statements_covered": 0.0, "percent_statements_covered_display": "0"}, "missing_lines": [19, 21, 22, 23, 24, 26, 27, 28, 29, 30, 32, 35, 36, 37, 39, 40, 43, 44, 45, 46, 47, 48, 49, 50, 51, 52, 53, 54, 67, 70, 73, 74, 75, 76, 77, 78, 81, 82, 85, 88, 89, 90, 91, 92, 93, 96, 97, 98, 99, 100, 103, 104, 105, 106, 107, 108, 111, 112, 113, 114, 115, 116, 117, 118, 121, 122, 125, 128, 129, 130, 131, 132, 133, 134, 135, 141, 145, 147, 150, 151, 152, 153, 157, 160, 161, 164, 173, 174, 175, 176, 177, 178, 179, 180, 181, 182, 183, 184], "excluded_lines": [187, 188], "start_line": 1}}}, "scripts/vibecodekit_mql5/agent_contract.py": {"executed_lines": [], "summary": {"covered_lines": 0, "num_statements": 74, "percent_covered": 0.0, "percent_covered_display": "0", "missing_lines": 74, "excluded_lines": 0, "percent_statements_covered": 0.0, "percent_statements_covered_display": "0"}, "missing_lines": [24, 26, 27, 28, 29, 31, 32, 33, 34, 36, 37, 38, 39, 40, 45, 47, 49, 53, 73, 74, 75, 76, 77, 78, 79, 86, 87, 93, 94, 114, 116, 117, 118, 121, 122, 123, 124, 125, 126, 129, 130, 131, 132, 133, 136, 139, 140, 143, 144, 145, 151, 157, 159, 160, 161, 162, 163, 165, 166, 168, 169, 170, 171, 172, 173, 174, 175, 176, 177, 178, 179, 181, 184, 185], "excluded_lines": [], "functions": {"_entrypoints": {"executed_lines": [], "summary": {"covered_lines": 0, "num_statements": 6, "percent_covered": 0.0, "percent_covered_display": "0", "missing_lines": 6, "excluded_lines": 0, "percent_statements_covered": 0.0, "percent_statements_covered_display": "0"}, "missing_lines": [74, 75, 76, 77, 78, 79], "excluded_lines": [], "start_line": 73}, "_rule_namespaces": {"executed_lines": [], "summary": {"covered_lines": 0, "num_statements": 1, "percent_covered": 0.0, "percent_covered_display": "0", "missing_lines": 1, "excluded_lines": 0, "percent_statements_covered": 0.0, "percent_statements_covered_display": "0"}, "missing_lines": [87], "excluded_lines": [], "start_line": 86}, "build_contract": {"executed_lines": [], "summary": {"covered_lines": 0, "num_statements": 1, "percent_covered": 0.0, "percent_covered_display": "0", "missing_lines": 1, "excluded_lines": 0, "percent_statements_covered": 0.0, "percent_statements_covered_display": "0"}, "missing_lines": [94], "excluded_lines": [], "start_line": 93}, "validate_contract": {"executed_lines": [], "summary": {"covered_lines": 0, "num_statements": 15, "percent_covered": 0.0, "percent_covered_display": "0", "missing_lines": 15, "excluded_lines": 0, "percent_statements_covered": 0.0, "percent_statements_covered_display": "0"}, "missing_lines": [116, 117, 118, 121, 122, 123, 124, 125, 126, 129, 130, 131, 132, 133, 136], "excluded_lines": [], "start_line": 114}, "main": {"executed_lines": [], "summary": {"covered_lines": 0, "num_statements": 26, "percent_covered": 0.0, "percent_covered_display": "0", "missing_lines": 26, "excluded_lines": 0, "percent_statements_covered": 0.0, "percent_statements_covered_display": "0"}, "missing_lines": [140, 143, 144, 145, 151, 157, 159, 160, 161, 162, 163, 165, 166, 168, 169, 170, 171, 172, 173, 174, 175, 176, 177, 178, 179, 181], "excluded_lines": [], "start_line": 139}, "": {"executed_lines": [], "summary": {"covered_lines": 0, "num_statements": 25, "percent_covered": 0.0, "percent_covered_display": "0", "missing_lines": 25, "excluded_lines": 0, "percent_statements_covered": 0.0, "percent_statements_covered_display": "0"}, "missing_lines": [24, 26, 27, 28, 29, 31, 32, 33, 34, 36, 37, 38, 39, 40, 45, 47, 49, 53, 73, 86, 93, 114, 139, 184, 185], "excluded_lines": [], "start_line": 1}}, "classes": {"": {"executed_lines": [], "summary": {"covered_lines": 0, "num_statements": 74, "percent_covered": 0.0, "percent_covered_display": "0", "missing_lines": 74, "excluded_lines": 0, "percent_statements_covered": 0.0, "percent_statements_covered_display": "0"}, "missing_lines": [24, 26, 27, 28, 29, 31, 32, 33, 34, 36, 37, 38, 39, 40, 45, 47, 49, 53, 73, 74, 75, 76, 77, 78, 79, 86, 87, 93, 94, 114, 116, 117, 118, 121, 122, 123, 124, 125, 126, 129, 130, 131, 132, 133, 136, 139, 140, 143, 144, 145, 151, 157, 159, 160, 161, 162, 163, 165, 166, 168, 169, 170, 171, 172, 173, 174, 175, 176, 177, 178, 179, 181, 184, 185], "excluded_lines": [], "start_line": 1}}}, "scripts/vibecodekit_mql5/ai_build_contract.py": {"executed_lines": [24, 26, 27, 28, 29, 30, 32, 33, 34, 35, 36, 38, 39, 40, 43, 51, 62, 65, 66, 67, 68, 69, 70, 71, 72, 74, 85, 86, 87, 88, 89, 91, 95, 97, 98, 99, 100, 101, 102, 103, 104, 105, 106, 107, 108, 109, 111, 112, 174, 175, 176, 177, 193, 194, 195, 196, 197, 198, 209, 210, 211, 212, 216, 223, 224, 225, 226, 229, 237, 258, 266, 267, 268, 270, 271, 275, 276, 278, 279, 281, 284, 285, 286, 288, 292, 293, 295, 298, 300, 303, 304, 305, 306, 308, 309, 313, 314, 315, 324, 327, 337], "summary": {"covered_lines": 101, "num_statements": 162, "percent_covered": 62.34567901234568, "percent_covered_display": "62", "missing_lines": 61, "excluded_lines": 2, "percent_statements_covered": 62.34567901234568, "percent_statements_covered_display": "62"}, "missing_lines": [75, 92, 110, 230, 231, 232, 233, 234, 239, 240, 241, 242, 243, 245, 246, 247, 248, 249, 250, 251, 252, 253, 254, 255, 269, 272, 273, 280, 282, 287, 289, 294, 296, 299, 301, 307, 312, 318, 320, 339, 340, 342, 344, 348, 349, 351, 352, 353, 355, 356, 357, 365, 366, 367, 368, 370, 371, 377, 378, 379, 380], "excluded_lines": [383, 384], "functions": {"ContractResult.to_dict": {"executed_lines": [], "summary": {"covered_lines": 0, "num_statements": 1, "percent_covered": 0.0, "percent_covered_display": "0", "missing_lines": 1, "excluded_lines": 0, "percent_statements_covered": 0.0, "percent_statements_covered_display": "0"}, "missing_lines": [75], "excluded_lines": [], "start_line": 74}, "ValidationResult.to_dict": {"executed_lines": [], "summary": {"covered_lines": 0, "num_statements": 1, "percent_covered": 0.0, "percent_covered_display": "0", "missing_lines": 1, "excluded_lines": 0, "percent_statements_covered": 0.0, "percent_statements_covered_display": "0"}, "missing_lines": [92], "excluded_lines": [], "start_line": 91}, "build_contract_dict": {"executed_lines": [97, 98, 99, 100, 101, 102, 103, 104, 105, 106, 107, 108, 109, 111, 112], "summary": {"covered_lines": 15, "num_statements": 16, "percent_covered": 93.75, "percent_covered_display": "94", "missing_lines": 1, "excluded_lines": 0, "percent_statements_covered": 93.75, "percent_statements_covered_display": "94"}, "missing_lines": [110], "excluded_lines": [], "start_line": 95}, "render_contract_md": {"executed_lines": [175, 176, 177, 193, 194, 195, 196, 197, 198, 209, 210, 211, 212, 216, 223, 224, 225, 226], "summary": {"covered_lines": 18, "num_statements": 18, "percent_covered": 100.0, "percent_covered_display": "100", "missing_lines": 0, "excluded_lines": 0, "percent_statements_covered": 100.0, "percent_statements_covered_display": "100"}, "missing_lines": [], "excluded_lines": [], "start_line": 174}, "_find_spec": {"executed_lines": [], "summary": {"covered_lines": 0, "num_statements": 5, "percent_covered": 0.0, "percent_covered_display": "0", "missing_lines": 5, "excluded_lines": 0, "percent_statements_covered": 0.0, "percent_statements_covered_display": "0"}, "missing_lines": [230, 231, 232, 233, 234], "excluded_lines": [], "start_line": 229}, "generate_ai_build_contract": {"executed_lines": [], "summary": {"covered_lines": 0, "num_statements": 16, "percent_covered": 0.0, "percent_covered_display": "0", "missing_lines": 16, "excluded_lines": 0, "percent_statements_covered": 0.0, "percent_statements_covered_display": "0"}, "missing_lines": [239, 240, 241, 242, 243, 245, 246, 247, 248, 249, 250, 251, 252, 253, 254, 255], "excluded_lines": [], "start_line": 237}, "validate_ai_build_contract": {"executed_lines": [266, 267, 268, 270, 271, 275, 276, 278, 279, 281, 284, 285, 286, 288, 292, 293, 295, 298, 300, 303, 304, 305, 306, 308, 309, 313, 314, 315, 324], "summary": {"covered_lines": 29, "num_statements": 44, "percent_covered": 65.9090909090909, "percent_covered_display": "66", "missing_lines": 15, "excluded_lines": 0, "percent_statements_covered": 65.9090909090909, "percent_statements_covered_display": "66"}, "missing_lines": [269, 272, 273, 280, 282, 287, 289, 294, 296, 299, 301, 307, 312, 318, 320], "excluded_lines": [], "start_line": 258}, "main": {"executed_lines": [], "summary": {"covered_lines": 0, "num_statements": 22, "percent_covered": 0.0, "percent_covered_display": "0", "missing_lines": 22, "excluded_lines": 0, "percent_statements_covered": 0.0, "percent_statements_covered_display": "0"}, "missing_lines": [339, 340, 342, 344, 348, 349, 351, 352, 353, 355, 356, 357, 365, 366, 367, 368, 370, 371, 377, 378, 379, 380], "excluded_lines": [], "start_line": 337}, "": {"executed_lines": [24, 26, 27, 28, 29, 30, 32, 33, 34, 35, 36, 38, 39, 40, 43, 51, 62, 65, 66, 67, 68, 69, 70, 71, 72, 74, 85, 86, 87, 88, 89, 91, 95, 174, 229, 237, 258, 327, 337], "summary": {"covered_lines": 39, "num_statements": 39, "percent_covered": 100.0, "percent_covered_display": "100", "missing_lines": 0, "excluded_lines": 2, "percent_statements_covered": 100.0, "percent_statements_covered_display": "100"}, "missing_lines": [], "excluded_lines": [383, 384], "start_line": 1}}, "classes": {"ContractResult": {"executed_lines": [], "summary": {"covered_lines": 0, "num_statements": 1, "percent_covered": 0.0, "percent_covered_display": "0", "missing_lines": 1, "excluded_lines": 0, "percent_statements_covered": 0.0, "percent_statements_covered_display": "0"}, "missing_lines": [75], "excluded_lines": [], "start_line": 66}, "ValidationResult": {"executed_lines": [], "summary": {"covered_lines": 0, "num_statements": 1, "percent_covered": 0.0, "percent_covered_display": "0", "missing_lines": 1, "excluded_lines": 0, "percent_statements_covered": 0.0, "percent_statements_covered_display": "0"}, "missing_lines": [92], "excluded_lines": [], "start_line": 86}, "": {"executed_lines": [24, 26, 27, 28, 29, 30, 32, 33, 34, 35, 36, 38, 39, 40, 43, 51, 62, 65, 66, 67, 68, 69, 70, 71, 72, 74, 85, 86, 87, 88, 89, 91, 95, 97, 98, 99, 100, 101, 102, 103, 104, 105, 106, 107, 108, 109, 111, 112, 174, 175, 176, 177, 193, 194, 195, 196, 197, 198, 209, 210, 211, 212, 216, 223, 224, 225, 226, 229, 237, 258, 266, 267, 268, 270, 271, 275, 276, 278, 279, 281, 284, 285, 286, 288, 292, 293, 295, 298, 300, 303, 304, 305, 306, 308, 309, 313, 314, 315, 324, 327, 337], "summary": {"covered_lines": 101, "num_statements": 160, "percent_covered": 63.125, "percent_covered_display": "63", "missing_lines": 59, "excluded_lines": 2, "percent_statements_covered": 63.125, "percent_statements_covered_display": "63"}, "missing_lines": [110, 230, 231, 232, 233, 234, 239, 240, 241, 242, 243, 245, 246, 247, 248, 249, 250, 251, 252, 253, 254, 255, 269, 272, 273, 280, 282, 287, 289, 294, 296, 299, 301, 307, 312, 318, 320, 339, 340, 342, 344, 348, 349, 351, 352, 353, 355, 356, 357, 365, 366, 367, 368, 370, 371, 377, 378, 379, 380], "excluded_lines": [383, 384], "start_line": 1}}}, "scripts/vibecodekit_mql5/ap_policy.py": {"executed_lines": [], "summary": {"covered_lines": 0, "num_statements": 87, "percent_covered": 0.0, "percent_covered_display": "0", "missing_lines": 87, "excluded_lines": 0, "percent_statements_covered": 0.0, "percent_statements_covered_display": "0"}, "missing_lines": [6, 8, 9, 10, 11, 12, 14, 17, 18, 19, 20, 21, 22, 23, 24, 25, 28, 29, 30, 31, 32, 33, 35, 36, 37, 38, 39, 42, 54, 55, 58, 59, 62, 63, 64, 67, 68, 69, 70, 71, 85, 86, 87, 88, 89, 90, 91, 92, 108, 109, 110, 111, 112, 113, 114, 115, 116, 117, 118, 119, 121, 122, 133, 144, 155, 166, 177, 188, 190, 191, 192, 193, 194, 195, 196, 197, 198, 199, 200, 201, 205, 206, 207, 208, 209, 212, 213], "excluded_lines": [], "functions": {"read_mql_text": {"executed_lines": [], "summary": {"covered_lines": 0, "num_statements": 8, "percent_covered": 0.0, "percent_covered_display": "0", "missing_lines": 8, "excluded_lines": 0, "percent_statements_covered": 0.0, "percent_statements_covered_display": "0"}, "missing_lines": [18, 19, 20, 21, 22, 23, 24, 25], "excluded_lines": [], "start_line": 17}, "APPolicy.to_dict": {"executed_lines": [], "summary": {"covered_lines": 0, "num_statements": 4, "percent_covered": 0.0, "percent_covered_display": "0", "missing_lines": 4, "excluded_lines": 0, "percent_statements_covered": 0.0, "percent_statements_covered_display": "0"}, "missing_lines": [36, 37, 38, 39], "excluded_lines": [], "start_line": 35}, "policy_for_profile": {"executed_lines": [], "summary": {"covered_lines": 0, "num_statements": 1, "percent_covered": 0.0, "percent_covered_display": "0", "missing_lines": 1, "excluded_lines": 0, "percent_statements_covered": 0.0, "percent_statements_covered_display": "0"}, "missing_lines": [55], "excluded_lines": [], "start_line": 54}, "count_inputs_mql5": {"executed_lines": [], "summary": {"covered_lines": 0, "num_statements": 1, "percent_covered": 0.0, "percent_covered_display": "0", "missing_lines": 1, "excluded_lines": 0, "percent_statements_covered": 0.0, "percent_statements_covered_display": "0"}, "missing_lines": [59], "excluded_lines": [], "start_line": 58}, "detect_ml_usage": {"executed_lines": [], "summary": {"covered_lines": 0, "num_statements": 2, "percent_covered": 0.0, "percent_covered_display": "0", "missing_lines": 2, "excluded_lines": 0, "percent_statements_covered": 0.0, "percent_statements_covered_display": "0"}, "missing_lines": [63, 64], "excluded_lines": [], "start_line": 62}, "evaluate_ap5": {"executed_lines": [], "summary": {"covered_lines": 0, "num_statements": 4, "percent_covered": 0.0, "percent_covered_display": "0", "missing_lines": 4, "excluded_lines": 0, "percent_statements_covered": 0.0, "percent_statements_covered_display": "0"}, "missing_lines": [68, 69, 70, 71], "excluded_lines": [], "start_line": 67}, "evaluate_ap19_ml": {"executed_lines": [], "summary": {"covered_lines": 0, "num_statements": 7, "percent_covered": 0.0, "percent_covered_display": "0", "missing_lines": 7, "excluded_lines": 0, "percent_statements_covered": 0.0, "percent_statements_covered_display": "0"}, "missing_lines": [86, 87, 88, 89, 90, 91, 92], "excluded_lines": [], "start_line": 85}, "evaluate_architecture_ap_rules": {"executed_lines": [], "summary": {"covered_lines": 0, "num_statements": 19, "percent_covered": 0.0, "percent_covered_display": "0", "missing_lines": 19, "excluded_lines": 0, "percent_statements_covered": 0.0, "percent_statements_covered_display": "0"}, "missing_lines": [109, 110, 111, 112, 113, 114, 115, 116, 117, 118, 119, 121, 122, 133, 144, 155, 166, 177, 188], "excluded_lines": [], "start_line": 108}, "main": {"executed_lines": [], "summary": {"covered_lines": 0, "num_statements": 16, "percent_covered": 0.0, "percent_covered_display": "0", "missing_lines": 16, "excluded_lines": 0, "percent_statements_covered": 0.0, "percent_statements_covered_display": "0"}, "missing_lines": [191, 192, 193, 194, 195, 196, 197, 198, 199, 200, 201, 205, 206, 207, 208, 209], "excluded_lines": [], "start_line": 190}, "": {"executed_lines": [], "summary": {"covered_lines": 0, "num_statements": 25, "percent_covered": 0.0, "percent_covered_display": "0", "missing_lines": 25, "excluded_lines": 0, "percent_statements_covered": 0.0, "percent_statements_covered_display": "0"}, "missing_lines": [6, 8, 9, 10, 11, 12, 14, 17, 28, 29, 30, 31, 32, 33, 35, 42, 54, 58, 62, 67, 85, 108, 190, 212, 213], "excluded_lines": [], "start_line": 1}}, "classes": {"APPolicy": {"executed_lines": [], "summary": {"covered_lines": 0, "num_statements": 4, "percent_covered": 0.0, "percent_covered_display": "0", "missing_lines": 4, "excluded_lines": 0, "percent_statements_covered": 0.0, "percent_statements_covered_display": "0"}, "missing_lines": [36, 37, 38, 39], "excluded_lines": [], "start_line": 29}, "": {"executed_lines": [], "summary": {"covered_lines": 0, "num_statements": 83, "percent_covered": 0.0, "percent_covered_display": "0", "missing_lines": 83, "excluded_lines": 0, "percent_statements_covered": 0.0, "percent_statements_covered_display": "0"}, "missing_lines": [6, 8, 9, 10, 11, 12, 14, 17, 18, 19, 20, 21, 22, 23, 24, 25, 28, 29, 30, 31, 32, 33, 35, 42, 54, 55, 58, 59, 62, 63, 64, 67, 68, 69, 70, 71, 85, 86, 87, 88, 89, 90, 91, 92, 108, 109, 110, 111, 112, 113, 114, 115, 116, 117, 118, 119, 121, 122, 133, 144, 155, 166, 177, 188, 190, 191, 192, 193, 194, 195, 196, 197, 198, 199, 200, 201, 205, 206, 207, 208, 209, 212, 213], "excluded_lines": [], "start_line": 1}}}, "scripts/vibecodekit_mql5/architecture_check.py": {"executed_lines": [], "summary": {"covered_lines": 0, "num_statements": 92, "percent_covered": 0.0, "percent_covered_display": "0", "missing_lines": 92, "excluded_lines": 0, "percent_statements_covered": 0.0, "percent_statements_covered_display": "0"}, "missing_lines": [6, 8, 9, 10, 11, 12, 15, 17, 20, 21, 22, 23, 24, 25, 28, 30, 31, 32, 33, 36, 37, 38, 39, 40, 41, 42, 43, 44, 45, 48, 49, 50, 52, 53, 54, 55, 57, 58, 59, 60, 62, 63, 64, 65, 68, 69, 70, 73, 75, 76, 77, 78, 79, 80, 81, 82, 86, 87, 88, 93, 94, 108, 109, 110, 111, 112, 113, 116, 117, 118, 122, 123, 127, 128, 129, 133, 135, 136, 137, 143, 145, 146, 153, 155, 156, 157, 158, 167, 169, 170, 173, 174], "excluded_lines": [], "functions": {"load_profile": {"executed_lines": [], "summary": {"covered_lines": 0, "num_statements": 5, "percent_covered": 0.0, "percent_covered_display": "0", "missing_lines": 5, "excluded_lines": 0, "percent_statements_covered": 0.0, "percent_statements_covered_display": "0"}, "missing_lines": [21, 22, 23, 24, 25], "excluded_lines": [], "start_line": 20}, "available_profiles": {"executed_lines": [], "summary": {"covered_lines": 0, "num_statements": 4, "percent_covered": 0.0, "percent_covered_display": "0", "missing_lines": 4, "excluded_lines": 0, "percent_statements_covered": 0.0, "percent_statements_covered_display": "0"}, "missing_lines": [30, 31, 32, 33], "excluded_lines": [], "start_line": 28}, "read_project_text": {"executed_lines": [], "summary": {"covered_lines": 0, "num_statements": 9, "percent_covered": 0.0, "percent_covered_display": "0", "missing_lines": 9, "excluded_lines": 0, "percent_statements_covered": 0.0, "percent_statements_covered_display": "0"}, "missing_lines": [37, 38, 39, 40, 41, 42, 43, 44, 45], "excluded_lines": [], "start_line": 36}, "check_architecture": {"executed_lines": [], "summary": {"covered_lines": 0, "num_statements": 31, "percent_covered": 0.0, "percent_covered_display": "0", "missing_lines": 31, "excluded_lines": 0, "percent_statements_covered": 0.0, "percent_statements_covered_display": "0"}, "missing_lines": [49, 50, 52, 53, 54, 55, 57, 58, 59, 60, 62, 63, 64, 65, 68, 69, 70, 73, 75, 76, 77, 78, 79, 80, 81, 82, 86, 87, 88, 93, 94], "excluded_lines": [], "start_line": 48}, "_emit": {"executed_lines": [], "summary": {"covered_lines": 0, "num_statements": 5, "percent_covered": 0.0, "percent_covered_display": "0", "missing_lines": 5, "excluded_lines": 0, "percent_statements_covered": 0.0, "percent_statements_covered_display": "0"}, "missing_lines": [109, 110, 111, 112, 113], "excluded_lines": [], "start_line": 108}, "main": {"executed_lines": [], "summary": {"covered_lines": 0, "num_statements": 22, "percent_covered": 0.0, "percent_covered_display": "0", "missing_lines": 22, "excluded_lines": 0, "percent_statements_covered": 0.0, "percent_statements_covered_display": "0"}, "missing_lines": [117, 118, 122, 123, 127, 128, 129, 133, 135, 136, 137, 143, 145, 146, 153, 155, 156, 157, 158, 167, 169, 170], "excluded_lines": [], "start_line": 116}, "": {"executed_lines": [], "summary": {"covered_lines": 0, "num_statements": 16, "percent_covered": 0.0, "percent_covered_display": "0", "missing_lines": 16, "excluded_lines": 0, "percent_statements_covered": 0.0, "percent_statements_covered_display": "0"}, "missing_lines": [6, 8, 9, 10, 11, 12, 15, 17, 20, 28, 36, 48, 108, 116, 173, 174], "excluded_lines": [], "start_line": 1}}, "classes": {"": {"executed_lines": [], "summary": {"covered_lines": 0, "num_statements": 92, "percent_covered": 0.0, "percent_covered_display": "0", "missing_lines": 92, "excluded_lines": 0, "percent_statements_covered": 0.0, "percent_statements_covered_display": "0"}, "missing_lines": [6, 8, 9, 10, 11, 12, 15, 17, 20, 21, 22, 23, 24, 25, 28, 30, 31, 32, 33, 36, 37, 38, 39, 40, 41, 42, 43, 44, 45, 48, 49, 50, 52, 53, 54, 55, 57, 58, 59, 60, 62, 63, 64, 65, 68, 69, 70, 73, 75, 76, 77, 78, 79, 80, 81, 82, 86, 87, 88, 93, 94, 108, 109, 110, 111, 112, 113, 116, 117, 118, 122, 123, 127, 128, 129, 133, 135, 136, 137, 143, 145, 146, 153, 155, 156, 157, 158, 167, 169, 170, 173, 174], "excluded_lines": [], "start_line": 1}}}, "scripts/vibecodekit_mql5/ast_parser/__init__.py": {"executed_lines": [], "summary": {"covered_lines": 0, "num_statements": 6, "percent_covered": 0.0, "percent_covered_display": "0", "missing_lines": 6, "excluded_lines": 0, "percent_statements_covered": 0.0, "percent_statements_covered_display": "0"}, "missing_lines": [25, 27, 35, 36, 37, 39], "excluded_lines": [], "functions": {"": {"executed_lines": [], "summary": {"covered_lines": 0, "num_statements": 6, "percent_covered": 0.0, "percent_covered_display": "0", "missing_lines": 6, "excluded_lines": 0, "percent_statements_covered": 0.0, "percent_statements_covered_display": "0"}, "missing_lines": [25, 27, 35, 36, 37, 39], "excluded_lines": [], "start_line": 1}}, "classes": {"": {"executed_lines": [], "summary": {"covered_lines": 0, "num_statements": 6, "percent_covered": 0.0, "percent_covered_display": "0", "missing_lines": 6, "excluded_lines": 0, "percent_statements_covered": 0.0, "percent_statements_covered_display": "0"}, "missing_lines": [25, 27, 35, 36, 37, 39], "excluded_lines": [], "start_line": 1}}}, "scripts/vibecodekit_mql5/ast_parser/detectors.py": {"executed_lines": [], "summary": {"covered_lines": 0, "num_statements": 66, "percent_covered": 0.0, "percent_covered_display": "0", "missing_lines": 66, "excluded_lines": 0, "percent_statements_covered": 0.0, "percent_statements_covered_display": "0"}, "missing_lines": [24, 26, 28, 29, 30, 33, 35, 36, 37, 38, 39, 40, 41, 44, 51, 52, 53, 54, 55, 56, 57, 67, 70, 75, 83, 84, 85, 86, 87, 88, 90, 91, 92, 103, 106, 113, 114, 115, 116, 117, 118, 119, 120, 121, 122, 124, 125, 126, 128, 129, 130, 131, 142, 146, 154, 157, 167, 169, 170, 172, 173, 174, 176, 180, 181, 182], "excluded_lines": [], "functions": {"_ap1_sl_position": {"executed_lines": [], "summary": {"covered_lines": 0, "num_statements": 7, "percent_covered": 0.0, "percent_covered_display": "0", "missing_lines": 7, "excluded_lines": 0, "percent_statements_covered": 0.0, "percent_statements_covered_display": "0"}, "missing_lines": [35, 36, 37, 38, 39, 40, 41], "excluded_lines": [], "start_line": 33}, "detect_ap1_ast": {"executed_lines": [], "summary": {"covered_lines": 0, "num_statements": 8, "percent_covered": 0.0, "percent_covered_display": "0", "missing_lines": 8, "excluded_lines": 0, "percent_statements_covered": 0.0, "percent_statements_covered_display": "0"}, "missing_lines": [51, 52, 53, 54, 55, 56, 57, 67], "excluded_lines": [], "start_line": 44}, "detect_ap2_ast": {"executed_lines": [], "summary": {"covered_lines": 0, "num_statements": 10, "percent_covered": 0.0, "percent_covered_display": "0", "missing_lines": 10, "excluded_lines": 0, "percent_statements_covered": 0.0, "percent_statements_covered_display": "0"}, "missing_lines": [83, 84, 85, 86, 87, 88, 90, 91, 92, 103], "excluded_lines": [], "start_line": 75}, "detect_ap7_ast": {"executed_lines": [], "summary": {"covered_lines": 0, "num_statements": 18, "percent_covered": 0.0, "percent_covered_display": "0", "missing_lines": 18, "excluded_lines": 0, "percent_statements_covered": 0.0, "percent_statements_covered_display": "0"}, "missing_lines": [113, 114, 115, 116, 117, 118, 119, 120, 121, 122, 124, 125, 126, 128, 129, 130, 131, 142], "excluded_lines": [], "start_line": 106}, "lint_source_ast": {"executed_lines": [], "summary": {"covered_lines": 0, "num_statements": 10, "percent_covered": 0.0, "percent_covered_display": "0", "missing_lines": 10, "excluded_lines": 0, "percent_statements_covered": 0.0, "percent_statements_covered_display": "0"}, "missing_lines": [167, 169, 170, 172, 173, 174, 176, 180, 181, 182], "excluded_lines": [], "start_line": 157}, "": {"executed_lines": [], "summary": {"covered_lines": 0, "num_statements": 13, "percent_covered": 0.0, "percent_covered_display": "0", "missing_lines": 13, "excluded_lines": 0, "percent_statements_covered": 0.0, "percent_statements_covered_display": "0"}, "missing_lines": [24, 26, 28, 29, 30, 33, 44, 70, 75, 106, 146, 154, 157], "excluded_lines": [], "start_line": 1}}, "classes": {"": {"executed_lines": [], "summary": {"covered_lines": 0, "num_statements": 66, "percent_covered": 0.0, "percent_covered_display": "0", "missing_lines": 66, "excluded_lines": 0, "percent_statements_covered": 0.0, "percent_statements_covered_display": "0"}, "missing_lines": [24, 26, 28, 29, 30, 33, 35, 36, 37, 38, 39, 40, 41, 44, 51, 52, 53, 54, 55, 56, 57, 67, 70, 75, 83, 84, 85, 86, 87, 88, 90, 91, 92, 103, 106, 113, 114, 115, 116, 117, 118, 119, 120, 121, 122, 124, 125, 126, 128, 129, 130, 131, 142, 146, 154, 157, 167, 169, 170, 172, 173, 174, 176, 180, 181, 182], "excluded_lines": [], "start_line": 1}}}, "scripts/vibecodekit_mql5/ast_parser/nodes.py": {"executed_lines": [], "summary": {"covered_lines": 0, "num_statements": 30, "percent_covered": 0.0, "percent_covered_display": "0", "missing_lines": 30, "excluded_lines": 0, "percent_statements_covered": 0.0, "percent_statements_covered_display": "0"}, "missing_lines": [10, 12, 15, 16, 30, 31, 32, 33, 36, 37, 51, 52, 53, 54, 55, 56, 57, 60, 61, 69, 70, 71, 72, 73, 76, 77, 83, 84, 85, 88], "excluded_lines": [], "functions": {"": {"executed_lines": [], "summary": {"covered_lines": 0, "num_statements": 30, "percent_covered": 0.0, "percent_covered_display": "0", "missing_lines": 30, "excluded_lines": 0, "percent_statements_covered": 0.0, "percent_statements_covered_display": "0"}, "missing_lines": [10, 12, 15, 16, 30, 31, 32, 33, 36, 37, 51, 52, 53, 54, 55, 56, 57, 60, 61, 69, 70, 71, 72, 73, 76, 77, 83, 84, 85, 88], "excluded_lines": [], "start_line": 1}}, "classes": {"Token": {"executed_lines": [], "summary": {"covered_lines": 0, "num_statements": 0, "percent_covered": 100.0, "percent_covered_display": "100", "missing_lines": 0, "excluded_lines": 0, "percent_statements_covered": 100.0, "percent_statements_covered_display": "100"}, "missing_lines": [], "excluded_lines": [], "start_line": 16}, "VarDecl": {"executed_lines": [], "summary": {"covered_lines": 0, "num_statements": 0, "percent_covered": 100.0, "percent_covered_display": "100", "missing_lines": 0, "excluded_lines": 0, "percent_statements_covered": 100.0, "percent_statements_covered_display": "100"}, "missing_lines": [], "excluded_lines": [], "start_line": 37}, "MethodCall": {"executed_lines": [], "summary": {"covered_lines": 0, "num_statements": 0, "percent_covered": 100.0, "percent_covered_display": "100", "missing_lines": 0, "excluded_lines": 0, "percent_statements_covered": 100.0, "percent_statements_covered_display": "100"}, "missing_lines": [], "excluded_lines": [], "start_line": 61}, "ScanResult": {"executed_lines": [], "summary": {"covered_lines": 0, "num_statements": 0, "percent_covered": 100.0, "percent_covered_display": "100", "missing_lines": 0, "excluded_lines": 0, "percent_statements_covered": 100.0, "percent_statements_covered_display": "100"}, "missing_lines": [], "excluded_lines": [], "start_line": 77}, "": {"executed_lines": [], "summary": {"covered_lines": 0, "num_statements": 30, "percent_covered": 0.0, "percent_covered_display": "0", "missing_lines": 30, "excluded_lines": 0, "percent_statements_covered": 0.0, "percent_statements_covered_display": "0"}, "missing_lines": [10, 12, 15, 16, 30, 31, 32, 33, 36, 37, 51, 52, 53, 54, 55, 56, 57, 60, 61, 69, 70, 71, 72, 73, 76, 77, 83, 84, 85, 88], "excluded_lines": [], "start_line": 1}}}, "scripts/vibecodekit_mql5/ast_parser/parser.py": {"executed_lines": [], "summary": {"covered_lines": 0, "num_statements": 142, "percent_covered": 0.0, "percent_covered_display": "0", "missing_lines": 142, "excluded_lines": 0, "percent_statements_covered": 0.0, "percent_statements_covered_display": "0"}, "missing_lines": [22, 24, 25, 29, 38, 44, 45, 48, 52, 53, 54, 55, 56, 59, 60, 63, 72, 73, 74, 75, 76, 77, 78, 79, 80, 81, 82, 83, 84, 85, 86, 87, 88, 89, 90, 91, 92, 93, 94, 96, 97, 99, 102, 115, 116, 117, 118, 119, 120, 121, 122, 123, 124, 125, 126, 127, 128, 129, 130, 131, 132, 133, 134, 135, 136, 137, 138, 141, 148, 149, 157, 162, 163, 164, 165, 172, 174, 175, 176, 177, 190, 197, 198, 199, 200, 209, 210, 211, 220, 221, 222, 223, 224, 225, 226, 227, 230, 237, 240, 245, 246, 247, 248, 249, 250, 251, 253, 254, 255, 256, 257, 258, 259, 260, 261, 262, 263, 264, 265, 268, 274, 276, 287, 288, 289, 290, 291, 292, 293, 294, 300, 301, 302, 304, 305, 306, 310, 311, 312, 313, 315, 317], "excluded_lines": [], "functions": {"_is_qualifier": {"executed_lines": [], "summary": {"covered_lines": 0, "num_statements": 1, "percent_covered": 0.0, "percent_covered_display": "0", "missing_lines": 1, "excluded_lines": 0, "percent_statements_covered": 0.0, "percent_statements_covered_display": "0"}, "missing_lines": [45], "excluded_lines": [], "start_line": 44}, "_is_type": {"executed_lines": [], "summary": {"covered_lines": 0, "num_statements": 5, "percent_covered": 0.0, "percent_covered_display": "0", "missing_lines": 5, "excluded_lines": 0, "percent_statements_covered": 0.0, "percent_statements_covered_display": "0"}, "missing_lines": [52, 53, 54, 55, 56], "excluded_lines": [], "start_line": 48}, "_is_op": {"executed_lines": [], "summary": {"covered_lines": 0, "num_statements": 1, "percent_covered": 0.0, "percent_covered_display": "0", "missing_lines": 1, "excluded_lines": 0, "percent_statements_covered": 0.0, "percent_statements_covered_display": "0"}, "missing_lines": [60], "excluded_lines": [], "start_line": 59}, "_scan_args": {"executed_lines": [], "summary": {"covered_lines": 0, "num_statements": 26, "percent_covered": 0.0, "percent_covered_display": "0", "missing_lines": 26, "excluded_lines": 0, "percent_statements_covered": 0.0, "percent_statements_covered_display": "0"}, "missing_lines": [72, 73, 74, 75, 76, 77, 78, 79, 80, 81, 82, 83, 84, 85, 86, 87, 88, 89, 90, 91, 92, 93, 94, 96, 97, 99], "excluded_lines": [], "start_line": 63}, "_read_init_value": {"executed_lines": [], "summary": {"covered_lines": 0, "num_statements": 24, "percent_covered": 0.0, "percent_covered_display": "0", "missing_lines": 24, "excluded_lines": 0, "percent_statements_covered": 0.0, "percent_statements_covered_display": "0"}, "missing_lines": [115, 116, 117, 118, 119, 120, 121, 122, 123, 124, 125, 126, 127, 128, 129, 130, 131, 132, 133, 134, 135, 136, 137, 138], "excluded_lines": [], "start_line": 102}, "scan_structure": {"executed_lines": [], "summary": {"covered_lines": 0, "num_statements": 74, "percent_covered": 0.0, "percent_covered_display": "0", "missing_lines": 74, "excluded_lines": 0, "percent_statements_covered": 0.0, "percent_statements_covered_display": "0"}, "missing_lines": [148, 149, 157, 162, 163, 164, 165, 172, 174, 175, 176, 177, 190, 197, 198, 199, 200, 209, 210, 211, 220, 221, 222, 223, 224, 225, 226, 227, 230, 237, 240, 245, 246, 247, 248, 249, 250, 251, 253, 254, 255, 256, 257, 258, 259, 260, 261, 262, 263, 264, 265, 268, 274, 276, 287, 288, 289, 290, 291, 292, 293, 294, 300, 301, 302, 304, 305, 306, 310, 311, 312, 313, 315, 317], "excluded_lines": [], "start_line": 141}, "": {"executed_lines": [], "summary": {"covered_lines": 0, "num_statements": 11, "percent_covered": 0.0, "percent_covered_display": "0", "missing_lines": 11, "excluded_lines": 0, "percent_statements_covered": 0.0, "percent_statements_covered_display": "0"}, "missing_lines": [22, 24, 25, 29, 38, 44, 48, 59, 63, 102, 141], "excluded_lines": [], "start_line": 1}}, "classes": {"": {"executed_lines": [], "summary": {"covered_lines": 0, "num_statements": 142, "percent_covered": 0.0, "percent_covered_display": "0", "missing_lines": 142, "excluded_lines": 0, "percent_statements_covered": 0.0, "percent_statements_covered_display": "0"}, "missing_lines": [22, 24, 25, 29, 38, 44, 45, 48, 52, 53, 54, 55, 56, 59, 60, 63, 72, 73, 74, 75, 76, 77, 78, 79, 80, 81, 82, 83, 84, 85, 86, 87, 88, 89, 90, 91, 92, 93, 94, 96, 97, 99, 102, 115, 116, 117, 118, 119, 120, 121, 122, 123, 124, 125, 126, 127, 128, 129, 130, 131, 132, 133, 134, 135, 136, 137, 138, 141, 148, 149, 157, 162, 163, 164, 165, 172, 174, 175, 176, 177, 190, 197, 198, 199, 200, 209, 210, 211, 220, 221, 222, 223, 224, 225, 226, 227, 230, 237, 240, 245, 246, 247, 248, 249, 250, 251, 253, 254, 255, 256, 257, 258, 259, 260, 261, 262, 263, 264, 265, 268, 274, 276, 287, 288, 289, 290, 291, 292, 293, 294, 300, 301, 302, 304, 305, 306, 310, 311, 312, 313, 315, 317], "excluded_lines": [], "start_line": 1}}}, "scripts/vibecodekit_mql5/ast_parser/tokenizer.py": {"executed_lines": [], "summary": {"covered_lines": 0, "num_statements": 41, "percent_covered": 0.0, "percent_covered_display": "0", "missing_lines": 41, "excluded_lines": 0, "percent_statements_covered": 0.0, "percent_statements_covered_display": "0"}, "missing_lines": [15, 17, 19, 24, 49, 66, 77, 78, 79, 80, 81, 82, 83, 84, 86, 87, 88, 89, 90, 92, 93, 95, 96, 98, 100, 101, 102, 103, 104, 105, 106, 107, 110, 113, 114, 115, 116, 118, 119, 121, 122], "excluded_lines": [], "functions": {"tokenize": {"executed_lines": [], "summary": {"covered_lines": 0, "num_statements": 35, "percent_covered": 0.0, "percent_covered_display": "0", "missing_lines": 35, "excluded_lines": 0, "percent_statements_covered": 0.0, "percent_statements_covered_display": "0"}, "missing_lines": [77, 78, 79, 80, 81, 82, 83, 84, 86, 87, 88, 89, 90, 92, 93, 95, 96, 98, 100, 101, 102, 103, 104, 105, 106, 107, 110, 113, 114, 115, 116, 118, 119, 121, 122], "excluded_lines": [], "start_line": 66}, "": {"executed_lines": [], "summary": {"covered_lines": 0, "num_statements": 6, "percent_covered": 0.0, "percent_covered_display": "0", "missing_lines": 6, "excluded_lines": 0, "percent_statements_covered": 0.0, "percent_statements_covered_display": "0"}, "missing_lines": [15, 17, 19, 24, 49, 66], "excluded_lines": [], "start_line": 1}}, "classes": {"": {"executed_lines": [], "summary": {"covered_lines": 0, "num_statements": 41, "percent_covered": 0.0, "percent_covered_display": "0", "missing_lines": 41, "excluded_lines": 0, "percent_statements_covered": 0.0, "percent_statements_covered_display": "0"}, "missing_lines": [15, 17, 19, 24, 49, 66, 77, 78, 79, 80, 81, 82, 83, 84, 86, 87, 88, 89, 90, 92, 93, 95, 96, 98, 100, 101, 102, 103, 104, 105, 106, 107, 110, 113, 114, 115, 116, 118, 119, 121, 122], "excluded_lines": [], "start_line": 1}}}, "scripts/vibecodekit_mql5/async_build.py": {"executed_lines": [], "summary": {"covered_lines": 0, "num_statements": 20, "percent_covered": 0.0, "percent_covered_display": "0", "missing_lines": 20, "excluded_lines": 0, "percent_statements_covered": 0.0, "percent_statements_covered_display": "0"}, "missing_lines": [13, 15, 16, 18, 19, 20, 22, 25, 26, 29, 30, 31, 32, 33, 34, 35, 38, 46, 49, 50], "excluded_lines": [], "functions": {"main": {"executed_lines": [], "summary": {"covered_lines": 0, "num_statements": 8, "percent_covered": 0.0, "percent_covered_display": "0", "missing_lines": 8, "excluded_lines": 0, "percent_statements_covered": 0.0, "percent_statements_covered_display": "0"}, "missing_lines": [30, 31, 32, 33, 34, 35, 38, 46], "excluded_lines": [], "start_line": 29}, "": {"executed_lines": [], "summary": {"covered_lines": 0, "num_statements": 12, "percent_covered": 0.0, "percent_covered_display": "0", "missing_lines": 12, "excluded_lines": 0, "percent_statements_covered": 0.0, "percent_statements_covered_display": "0"}, "missing_lines": [13, 15, 16, 18, 19, 20, 22, 25, 26, 29, 49, 50], "excluded_lines": [], "start_line": 1}}, "classes": {"": {"executed_lines": [], "summary": {"covered_lines": 0, "num_statements": 20, "percent_covered": 0.0, "percent_covered_display": "0", "missing_lines": 20, "excluded_lines": 0, "percent_statements_covered": 0.0, "percent_statements_covered_display": "0"}, "missing_lines": [13, 15, 16, 18, 19, 20, 22, 25, 26, 29, 30, 31, 32, 33, 34, 35, 38, 46, 49, 50], "excluded_lines": [], "start_line": 1}}}, "scripts/vibecodekit_mql5/audit.py": {"executed_lines": [], "summary": {"covered_lines": 0, "num_statements": 84, "percent_covered": 0.0, "percent_covered_display": "0", "missing_lines": 84, "excluded_lines": 0, "percent_statements_covered": 0.0, "percent_statements_covered_display": "0"}, "missing_lines": [12, 14, 15, 16, 17, 18, 19, 21, 23, 24, 27, 28, 29, 30, 31, 34, 35, 36, 38, 39, 40, 43, 44, 54, 55, 56, 57, 58, 59, 62, 63, 76, 77, 78, 79, 82, 83, 89, 90, 92, 93, 94, 95, 96, 99, 101, 102, 103, 104, 105, 110, 111, 117, 118, 119, 121, 122, 128, 129, 132, 133, 134, 135, 136, 137, 138, 139, 142, 143, 145, 146, 147, 148, 150, 151, 158, 167, 168, 170, 172, 173, 175, 178, 179], "excluded_lines": [], "functions": {"AuditReport.ok": {"executed_lines": [], "summary": {"covered_lines": 0, "num_statements": 1, "percent_covered": 0.0, "percent_covered_display": "0", "missing_lines": 1, "excluded_lines": 0, "percent_statements_covered": 0.0, "percent_statements_covered_display": "0"}, "missing_lines": [40], "excluded_lines": [], "start_line": 39}, "_probe_module_loads": {"executed_lines": [], "summary": {"covered_lines": 0, "num_statements": 7, "percent_covered": 0.0, "percent_covered_display": "0", "missing_lines": 7, "excluded_lines": 0, "percent_statements_covered": 0.0, "percent_statements_covered_display": "0"}, "missing_lines": [44, 54, 55, 56, 57, 58, 59], "excluded_lines": [], "start_line": 43}, "_probe_scaffolds": {"executed_lines": [], "summary": {"covered_lines": 0, "num_statements": 5, "percent_covered": 0.0, "percent_covered_display": "0", "missing_lines": 5, "excluded_lines": 0, "percent_statements_covered": 0.0, "percent_statements_covered_display": "0"}, "missing_lines": [63, 76, 77, 78, 79], "excluded_lines": [], "start_line": 62}, "_probe_references": {"executed_lines": [], "summary": {"covered_lines": 0, "num_statements": 8, "percent_covered": 0.0, "percent_covered_display": "0", "missing_lines": 8, "excluded_lines": 0, "percent_statements_covered": 0.0, "percent_statements_covered_display": "0"}, "missing_lines": [83, 89, 90, 92, 93, 94, 95, 96], "excluded_lines": [], "start_line": 82}, "_probe_methodology": {"executed_lines": [], "summary": {"covered_lines": 0, "num_statements": 7, "percent_covered": 0.0, "percent_covered_display": "0", "missing_lines": 7, "excluded_lines": 0, "percent_statements_covered": 0.0, "percent_statements_covered_display": "0"}, "missing_lines": [101, 102, 103, 104, 105, 110, 111], "excluded_lines": [], "start_line": 99}, "_probe_governance": {"executed_lines": [], "summary": {"covered_lines": 0, "num_statements": 6, "percent_covered": 0.0, "percent_covered_display": "0", "missing_lines": 6, "excluded_lines": 0, "percent_statements_covered": 0.0, "percent_statements_covered_display": "0"}, "missing_lines": [118, 119, 121, 122, 128, 129], "excluded_lines": [], "start_line": 117}, "run_audit": {"executed_lines": [], "summary": {"covered_lines": 0, "num_statements": 7, "percent_covered": 0.0, "percent_covered_display": "0", "missing_lines": 7, "excluded_lines": 0, "percent_statements_covered": 0.0, "percent_statements_covered_display": "0"}, "missing_lines": [133, 134, 135, 136, 137, 138, 139], "excluded_lines": [], "start_line": 132}, "main": {"executed_lines": [], "summary": {"covered_lines": 0, "num_statements": 14, "percent_covered": 0.0, "percent_covered_display": "0", "missing_lines": 14, "excluded_lines": 0, "percent_statements_covered": 0.0, "percent_statements_covered_display": "0"}, "missing_lines": [143, 145, 146, 147, 148, 150, 151, 158, 167, 168, 170, 172, 173, 175], "excluded_lines": [], "start_line": 142}, "": {"executed_lines": [], "summary": {"covered_lines": 0, "num_statements": 29, "percent_covered": 0.0, "percent_covered_display": "0", "missing_lines": 29, "excluded_lines": 0, "percent_statements_covered": 0.0, "percent_statements_covered_display": "0"}, "missing_lines": [12, 14, 15, 16, 17, 18, 19, 21, 23, 24, 27, 28, 29, 30, 31, 34, 35, 36, 38, 39, 43, 62, 82, 99, 117, 132, 142, 178, 179], "excluded_lines": [], "start_line": 1}}, "classes": {"ProbeResult": {"executed_lines": [], "summary": {"covered_lines": 0, "num_statements": 0, "percent_covered": 100.0, "percent_covered_display": "100", "missing_lines": 0, "excluded_lines": 0, "percent_statements_covered": 100.0, "percent_statements_covered_display": "100"}, "missing_lines": [], "excluded_lines": [], "start_line": 28}, "AuditReport": {"executed_lines": [], "summary": {"covered_lines": 0, "num_statements": 1, "percent_covered": 0.0, "percent_covered_display": "0", "missing_lines": 1, "excluded_lines": 0, "percent_statements_covered": 0.0, "percent_statements_covered_display": "0"}, "missing_lines": [40], "excluded_lines": [], "start_line": 35}, "": {"executed_lines": [], "summary": {"covered_lines": 0, "num_statements": 83, "percent_covered": 0.0, "percent_covered_display": "0", "missing_lines": 83, "excluded_lines": 0, "percent_statements_covered": 0.0, "percent_statements_covered_display": "0"}, "missing_lines": [12, 14, 15, 16, 17, 18, 19, 21, 23, 24, 27, 28, 29, 30, 31, 34, 35, 36, 38, 39, 43, 44, 54, 55, 56, 57, 58, 59, 62, 63, 76, 77, 78, 79, 82, 83, 89, 90, 92, 93, 94, 95, 96, 99, 101, 102, 103, 104, 105, 110, 111, 117, 118, 119, 121, 122, 128, 129, 132, 133, 134, 135, 136, 137, 138, 139, 142, 143, 145, 146, 147, 148, 150, 151, 158, 167, 168, 170, 172, 173, 175, 178, 179], "excluded_lines": [], "start_line": 1}}}, "scripts/vibecodekit_mql5/auto_build.py": {"executed_lines": [38, 40, 41, 42, 43, 44, 45, 47, 48, 49, 50, 51, 52, 53, 54, 55, 56, 60, 61, 64, 65, 66, 67, 68, 69, 71, 75, 76, 77, 78, 79, 80, 81, 82, 83, 89, 90, 91, 92, 93, 95, 113, 114, 116, 117, 127, 128, 130, 133, 144, 181, 202, 218, 232, 254, 384, 420, 461, 499, 508, 515, 516, 517, 518, 519, 526, 531, 532, 533, 534, 537, 538, 540, 541, 542, 547, 548, 556, 557, 559, 561, 562, 564, 569, 572, 573, 574, 576, 577, 578, 579, 581, 583, 585, 587, 589, 591, 593, 598, 600, 602, 604, 611, 612, 613, 614, 615, 617, 618, 623, 624, 681], "summary": {"covered_lines": 112, "num_statements": 293, "percent_covered": 38.225255972696246, "percent_covered_display": "38", "missing_lines": 181, "excluded_lines": 0, "percent_statements_covered": 38.225255972696246, "percent_statements_covered_display": "38"}, "missing_lines": [72, 96, 115, 118, 119, 120, 121, 125, 129, 141, 153, 154, 155, 156, 157, 158, 160, 173, 174, 175, 176, 177, 178, 189, 190, 191, 192, 193, 194, 195, 196, 197, 198, 199, 203, 204, 205, 206, 219, 220, 221, 234, 236, 246, 247, 271, 272, 273, 274, 275, 276, 277, 279, 292, 293, 295, 304, 307, 310, 320, 321, 322, 323, 324, 325, 339, 340, 342, 343, 344, 345, 346, 351, 352, 353, 354, 355, 356, 358, 359, 360, 361, 362, 364, 365, 367, 368, 369, 370, 371, 373, 374, 376, 377, 378, 379, 381, 392, 393, 394, 395, 396, 397, 398, 399, 400, 401, 402, 403, 408, 409, 416, 417, 438, 439, 440, 441, 442, 443, 449, 450, 451, 452, 458, 479, 480, 481, 482, 483, 484, 485, 486, 487, 488, 489, 490, 494, 495, 496, 500, 501, 502, 503, 522, 523, 524, 544, 545, 546, 549, 550, 551, 552, 554, 558, 560, 619, 620, 621, 626, 627, 628, 629, 630, 632, 633, 634, 635, 636, 641, 642, 645, 667, 668, 669, 670, 674, 675, 677, 678, 682], "excluded_lines": [], "functions": {"StageResult.to_dict": {"executed_lines": [], "summary": {"covered_lines": 0, "num_statements": 1, "percent_covered": 0.0, "percent_covered_display": "0", "missing_lines": 1, "excluded_lines": 0, "percent_statements_covered": 0.0, "percent_statements_covered_display": "0"}, "missing_lines": [72], "excluded_lines": [], "start_line": 71}, "PipelineReport.to_dict": {"executed_lines": [], "summary": {"covered_lines": 0, "num_statements": 1, "percent_covered": 0.0, "percent_covered_display": "0", "missing_lines": 1, "excluded_lines": 0, "percent_statements_covered": 0.0, "percent_statements_covered_display": "0"}, "missing_lines": [96], "excluded_lines": [], "start_line": 95}, "load_spec": {"executed_lines": [114, 116, 117, 127, 128, 130], "summary": {"covered_lines": 6, "num_statements": 13, "percent_covered": 46.15384615384615, "percent_covered_display": "46", "missing_lines": 7, "excluded_lines": 0, "percent_statements_covered": 46.15384615384615, "percent_statements_covered_display": "46"}, "missing_lines": [115, 118, 119, 120, 121, 125, 129], "excluded_lines": [], "start_line": 113}, "validate_spec": {"executed_lines": [], "summary": {"covered_lines": 0, "num_statements": 1, "percent_covered": 0.0, "percent_covered_display": "0", "missing_lines": 1, "excluded_lines": 0, "percent_statements_covered": 0.0, "percent_statements_covered_display": "0"}, "missing_lines": [141], "excluded_lines": [], "start_line": 133}, "_stage_build": {"executed_lines": [], "summary": {"covered_lines": 0, "num_statements": 13, "percent_covered": 0.0, "percent_covered_display": "0", "missing_lines": 13, "excluded_lines": 0, "percent_statements_covered": 0.0, "percent_statements_covered_display": "0"}, "missing_lines": [153, 154, 155, 156, 157, 158, 160, 173, 174, 175, 176, 177, 178], "excluded_lines": [], "start_line": 144}, "_locate_main_mq5": {"executed_lines": [], "summary": {"covered_lines": 0, "num_statements": 11, "percent_covered": 0.0, "percent_covered_display": "0", "missing_lines": 11, "excluded_lines": 0, "percent_statements_covered": 0.0, "percent_statements_covered_display": "0"}, "missing_lines": [189, 190, 191, 192, 193, 194, 195, 196, 197, 198, 199], "excluded_lines": [], "start_line": 181}, "_stage_lint": {"executed_lines": [], "summary": {"covered_lines": 0, "num_statements": 4, "percent_covered": 0.0, "percent_covered_display": "0", "missing_lines": 4, "excluded_lines": 0, "percent_statements_covered": 0.0, "percent_statements_covered_display": "0"}, "missing_lines": [203, 204, 205, 206], "excluded_lines": [], "start_line": 202}, "_stage_compile": {"executed_lines": [], "summary": {"covered_lines": 0, "num_statements": 3, "percent_covered": 0.0, "percent_covered_display": "0", "missing_lines": 3, "excluded_lines": 0, "percent_statements_covered": 0.0, "percent_statements_covered_display": "0"}, "missing_lines": [219, 220, 221], "excluded_lines": [], "start_line": 218}, "_stage_gate": {"executed_lines": [], "summary": {"covered_lines": 0, "num_statements": 4, "percent_covered": 0.0, "percent_covered_display": "0", "missing_lines": 4, "excluded_lines": 0, "percent_sta
[...]
0"}, "missing_lines": [223, 224], "excluded_lines": [], "start_line": 222}, "check_shim_main": {"executed_lines": [], "summary": {"covered_lines": 0, "num_statements": 2, "percent_covered": 0.0, "percent_covered_display": "0", "missing_lines": 2, "excluded_lines": 0, "percent_statements_covered": 0.0, "percent_statements_covered_display": "0"}, "missing_lines": [228, 229], "excluded_lines": [], "start_line": 227}, "ship_shim_main": {"executed_lines": [], "summary": {"covered_lines": 0, "num_statements": 2, "percent_covered": 0.0, "percent_covered_display": "0", "missing_lines": 2, "excluded_lines": 0, "percent_statements_covered": 0.0, "percent_statements_covered_display": "0"}, "missing_lines": [233, 234], "excluded_lines": [], "start_line": 232}, "": {"executed_lines": [], "summary": {"covered_lines": 0, "num_statements": 25, "percent_covered": 0.0, "percent_covered_display": "0", "missing_lines": 25, "excluded_lines": 0, "percent_statements_covered": 0.0, "percent_statements_covered_display": "0"}, "missing_lines": [32, 34, 35, 36, 37, 39, 42, 52, 71, 78, 88, 91, 115, 120, 185, 189, 193, 197, 209, 216, 222, 227, 232, 237, 238], "excluded_lines": [], "start_line": 1}}, "classes": {"": {"executed_lines": [], "summary": {"covered_lines": 0, "num_statements": 98, "percent_covered": 0.0, "percent_covered_display": "0", "missing_lines": 98, "excluded_lines": 0, "percent_statements_covered": 0.0, "percent_statements_covered_display": "0"}, "missing_lines": [32, 34, 35, 36, 37, 39, 42, 52, 71, 78, 88, 91, 94, 95, 96, 97, 98, 99, 100, 101, 102, 103, 104, 105, 106, 107, 108, 109, 110, 111, 112, 115, 116, 117, 120, 121, 124, 125, 126, 127, 128, 129, 131, 133, 134, 135, 137, 138, 139, 140, 141, 142, 143, 144, 148, 150, 151, 152, 153, 155, 157, 158, 159, 165, 166, 170, 171, 173, 174, 175, 176, 177, 182, 185, 186, 189, 190, 193, 194, 197, 199, 201, 209, 216, 217, 218, 219, 222, 223, 224, 227, 228, 229, 232, 233, 234, 237, 238], "excluded_lines": [], "start_line": 1}}}, "scripts/vibecodekit_mql5/walkforward.py": {"executed_lines": [], "summary": {"covered_lines": 0, "num_statements": 56, "percent_covered": 0.0, "percent_covered_display": "0", "missing_lines": 56, "excluded_lines": 0, "percent_statements_covered": 0.0, "percent_statements_covered_display": "0"}, "missing_lines": [18, 20, 21, 22, 23, 24, 26, 32, 33, 34, 35, 36, 37, 39, 40, 48, 49, 52, 54, 55, 56, 59, 60, 61, 62, 63, 64, 67, 68, 69, 83, 86, 87, 89, 90, 91, 92, 93, 94, 96, 97, 98, 99, 100, 101, 103, 104, 106, 118, 119, 121, 123, 124, 126, 129, 130], "excluded_lines": [], "functions": {"WalkforwardResult.to_dict": {"executed_lines": [], "summary": {"covered_lines": 0, "num_statements": 1, "percent_covered": 0.0, "percent_covered_display": "0", "missing_lines": 1, "excluded_lines": 0, "percent_statements_covered": 0.0, "percent_statements_covered_display": "0"}, "missing_lines": [40], "excluded_lines": [], "start_line": 39}, "correlation": {"executed_lines": [], "summary": {"covered_lines": 0, "num_statements": 3, "percent_covered": 0.0, "percent_covered_display": "0", "missing_lines": 3, "excluded_lines": 0, "percent_statements_covered": 0.0, "percent_statements_covered_display": "0"}, "missing_lines": [54, 55, 56], "excluded_lines": [], "start_line": 52}, "verdict": {"executed_lines": [], "summary": {"covered_lines": 0, "num_statements": 5, "percent_covered": 0.0, "percent_covered_display": "0", "missing_lines": 5, "excluded_lines": 0, "percent_statements_covered": 0.0, "percent_statements_covered_display": "0"}, "missing_lines": [60, 61, 62, 63, 64], "excluded_lines": [], "start_line": 59}, "evaluate": {"executed_lines": [], "summary": {"covered_lines": 0, "num_statements": 2, "percent_covered": 0.0, "percent_covered_display": "0", "missing_lines": 2, "excluded_lines": 0, "percent_statements_covered": 0.0, "percent_statements_covered_display": "0"}, "missing_lines": [68, 69], "excluded_lines": [], "start_line": 67}, "main": {"executed_lines": [], "summary": {"covered_lines": 0, "num_statements": 22, "percent_covered": 0.0, "percent_covered_display": "0", "missing_lines": 22, "excluded_lines": 0, "percent_statements_covered": 0.0, "percent_statements_covered_display": "0"}, "missing_lines": [87, 89, 90, 91, 92, 93, 94, 96, 97, 98, 99, 100, 101, 103, 104, 106, 118, 119, 121, 123, 124, 126], "excluded_lines": [], "start_line": 86}, "": {"executed_lines": [], "summary": {"covered_lines": 0, "num_statements": 23, "percent_covered": 0.0, "percent_covered_display": "0", "missing_lines": 23, "excluded_lines": 0, "percent_statements_covered": 0.0, "percent_statements_covered_display": "0"}, "missing_lines": [18, 20, 21, 22, 23, 24, 26, 32, 33, 34, 35, 36, 37, 39, 48, 49, 52, 59, 67, 83, 86, 129, 130], "excluded_lines": [], "start_line": 1}}, "classes": {"WalkforwardResult": {"executed_lines": [], "summary": {"covered_lines": 0, "num_statements": 1, "percent_covered": 0.0, "percent_covered_display": "0", "missing_lines": 1, "excluded_lines": 0, "percent_statements_covered": 0.0, "percent_statements_covered_display": "0"}, "missing_lines": [40], "excluded_lines": [], "start_line": 33}, "": {"executed_lines": [], "summary": {"covered_lines": 0, "num_statements": 55, "percent_covered": 0.0, "percent_covered_display": "0", "missing_lines": 55, "excluded_lines": 0, "percent_statements_covered": 0.0, "percent_statements_covered_display": "0"}, "missing_lines": [18, 20, 21, 22, 23, 24, 26, 32, 33, 34, 35, 36, 37, 39, 48, 49, 52, 54, 55, 56, 59, 60, 61, 62, 63, 64, 67, 68, 69, 83, 86, 87, 89, 90, 91, 92, 93, 94, 96, 97, 98, 99, 100, 101, 103, 104, 106, 118, 119, 121, 123, 124, 126, 129, 130], "excluded_lines": [], "start_line": 1}}}, "scripts/vibecodekit_mql5/walkforward_runner.py": {"executed_lines": [], "summary": {"covered_lines": 0, "num_statements": 78, "percent_covered": 0.0, "percent_covered_display": "0", "missing_lines": 78, "excluded_lines": 0, "percent_statements_covered": 0.0, "percent_statements_covered_display": "0"}, "missing_lines": [7, 9, 10, 11, 12, 13, 15, 16, 17, 20, 21, 22, 23, 24, 25, 26, 29, 30, 33, 34, 35, 36, 37, 38, 39, 40, 41, 42, 43, 44, 45, 51, 52, 55, 56, 57, 58, 59, 60, 61, 62, 70, 71, 72, 73, 74, 75, 76, 77, 78, 79, 82, 83, 84, 85, 86, 87, 88, 89, 90, 91, 92, 93, 94, 95, 97, 98, 99, 100, 101, 102, 103, 104, 114, 115, 116, 119, 120], "excluded_lines": [], "functions": {"parse_date": {"executed_lines": [], "summary": {"covered_lines": 0, "num_statements": 6, "percent_covered": 0.0, "percent_covered_display": "0", "missing_lines": 6, "excluded_lines": 0, "percent_statements_covered": 0.0, "percent_statements_covered_display": "0"}, "missing_lines": [21, 22, 23, 24, 25, 26], "excluded_lines": [], "start_line": 20}, "fmt_date": {"executed_lines": [], "summary": {"covered_lines": 0, "num_statements": 1, "percent_covered": 0.0, "percent_covered_display": "0", "missing_lines": 1, "excluded_lines": 0, "percent_statements_covered": 0.0, "percent_statements_covered_display": "0"}, "missing_lines": [30], "excluded_lines": [], "start_line": 29}, "generate_windows": {"executed_lines": [], "summary": {"covered_lines": 0, "num_statements": 14, "percent_covered": 0.0, "percent_covered_display": "0", "missing_lines": 14, "excluded_lines": 0, "percent_statements_covered": 0.0, "percent_statements_covered_display": "0"}, "missing_lines": [34, 35, 36, 37, 38, 39, 40, 41, 42, 43, 44, 45, 51, 52], "excluded_lines": [], "start_line": 33}, "run_oos_window": {"executed_lines": [], "summary": {"covered_lines": 0, "num_statements": 17, "percent_covered": 0.0, "percent_covered_display": "0", "missing_lines": 17, "excluded_lines": 0, "percent_statements_covered": 0.0, "percent_statements_covered_display": "0"}, "missing_lines": [56, 57, 58, 59, 60, 61, 62, 70, 71, 72, 73, 74, 75, 76, 77, 78, 79], "excluded_lines": [], "start_line": 55}, "main": {"executed_lines": [], "summary": {"covered_lines": 0, "num_statements": 24, "percent_covered": 0.0, "percent_covered_display": "0", "missing_lines": 24, "excluded_lines": 0, "percent_statements_covered": 0.0, "percent_statements_covered_display": "0"}, "missing_lines": [83, 84, 85, 86, 87, 88, 89, 90, 91, 92, 93, 94, 95, 97, 98, 99, 100, 101, 102, 103, 104, 114, 115, 116], "excluded_lines": [], "start_line": 82}, "": {"executed_lines": [], "summary": {"covered_lines": 0, "num_statements": 16, "percent_covered": 0.0, "percent_covered_display": "0", "missing_lines": 16, "excluded_lines": 0, "percent_statements_covered": 0.0, "percent_statements_covered_display": "0"}, "missing_lines": [7, 9, 10, 11, 12, 13, 15, 16, 17, 20, 29, 33, 55, 82, 119, 120], "excluded_lines": [], "start_line": 1}}, "classes": {"": {"executed_lines": [], "summary": {"covered_lines": 0, "num_statements": 78, "percent_covered": 0.0, "percent_covered_display": "0", "missing_lines": 78, "excluded_lines": 0, "percent_statements_covered": 0.0, "percent_statements_covered_display": "0"}, "missing_lines": [7, 9, 10, 11, 12, 13, 15, 16, 17, 20, 21, 22, 23, 24, 25, 26, 29, 30, 33, 34, 35, 36, 37, 38, 39, 40, 41, 42, 43, 44, 45, 51, 52, 55, 56, 57, 58, 59, 60, 61, 62, 70, 71, 72, 73, 74, 75, 76, 77, 78, 79, 82, 83, 84, 85, 86, 87, 88, 89, 90, 91, 92, 93, 94, 95, 97, 98, 99, 100, 101, 102, 103, 104, 114, 115, 116, 119, 120], "excluded_lines": [], "start_line": 1}}}, "scripts/vibecodekit_mql5/wizard.py": {"executed_lines": [], "summary": {"covered_lines": 0, "num_statements": 20, "percent_covered": 0.0, "percent_covered_display": "0", "missing_lines": 20, "excluded_lines": 0, "percent_statements_covered": 0.0, "percent_statements_covered_display": "0"}, "missing_lines": [14, 16, 17, 19, 20, 21, 22, 25, 26, 29, 30, 31, 32, 33, 34, 35, 37, 45, 48, 49], "excluded_lines": [], "functions": {"main": {"executed_lines": [], "summary": {"covered_lines": 0, "num_statements": 8, "percent_covered": 0.0, "percent_covered_display": "0", "missing_lines": 8, "excluded_lines": 0, "percent_statements_covered": 0.0, "percent_statements_covered_display": "0"}, "missing_lines": [30, 31, 32, 33, 34, 35, 37, 45], "excluded_lines": [], "start_line": 29}, "": {"executed_lines": [], "summary": {"covered_lines": 0, "num_statements": 12, "percent_covered": 0.0, "percent_covered_display": "0", "missing_lines": 12, "excluded_lines": 0, "percent_statements_covered": 0.0, "percent_statements_covered_display": "0"}, "missing_lines": [14, 16, 17, 19, 20, 21, 22, 25, 26, 29, 48, 49], "excluded_lines": [], "start_line": 1}}, "classes": {"": {"executed_lines": [], "summary": {"covered_lines": 0, "num_statements": 20, "percent_covered": 0.0, "percent_covered_display": "0", "missing_lines": 20, "excluded_lines": 0, "percent_statements_covered": 0.0, "percent_statements_covered_display": "0"}, "missing_lines": [14, 16, 17, 19, 20, 21, 22, 25, 26, 29, 30, 31, 32, 33, 34, 35, 37, 45, 48, 49], "excluded_lines": [], "start_line": 1}}}, "scripts/vibecodekit_mql5/worker_protocol.py": {"executed_lines": [], "summary": {"covered_lines": 0, "num_statements": 77, "percent_covered": 0.0, "percent_covered_display": "0", "missing_lines": 77, "excluded_lines": 0, "percent_statements_covered": 0.0, "percent_statements_covered_display": "0"}, "missing_lines": [7, 9, 10, 11, 12, 13, 14, 15, 17, 18, 21, 22, 25, 26, 27, 28, 29, 30, 33, 34, 35, 36, 37, 38, 39, 40, 42, 43, 46, 47, 48, 49, 50, 51, 52, 54, 55, 58, 59, 60, 61, 62, 63, 64, 65, 66, 67, 68, 69, 70, 72, 73, 74, 75, 77, 78, 79, 80, 95, 96, 97, 98, 99, 100, 101, 102, 103, 104, 105, 106, 115, 118, 119, 120, 121, 124, 125], "excluded_lines": [], "functions": {"utc_ms": {"executed_lines": [], "summary": {"covered_lines": 0, "num_statements": 1, "percent_covered": 0.0, "percent_covered_display": "0", "missing_lines": 1, "excluded_lines": 0, "percent_statements_covered": 0.0, "percent_statements_covered_display": "0"}, "missing_lines": [22], "excluded_lines": [], "start_line": 21}, "sha256_file": {"executed_lines": [], "summary": {"covered_lines": 0, "num_statements": 5, "percent_covered": 0.0, "percent_covered_display": "0", "missing_lines": 5, "excluded_lines": 0, "percent_statements_covered": 0.0, "percent_statements_covered_display": "0"}, "missing_lines": [26, 27, 28, 29, 30], "excluded_lines": [], "start_line": 25}, "WorkerArtifact.to_dict": {"executed_lines": [], "summary": {"covered_lines": 0, "num_statements": 1, "percent_covered": 0.0, "percent_covered_display": "0", "missing_lines": 1, "excluded_lines": 0, "percent_statements_covered": 0.0, "percent_statements_covered_display": "0"}, "missing_lines": [43], "excluded_lines": [], "start_line": 42}, "WorkerJobRequest.to_dict": {"executed_lines": [], "summary": {"covered_lines": 0, "num_statements": 1, "percent_covered": 0.0, "percent_covered_display": "0", "missing_lines": 1, "excluded_lines": 0, "percent_statements_covered": 0.0, "percent_statements_covered_display": "0"}, "missing_lines": [55], "excluded_lines": [], "start_line": 54}, "WorkerJobResult.to_dict": {"executed_lines": [], "summary": {"covered_lines": 0, "num_statements": 3, "percent_covered": 0.0, "percent_covered_display": "0", "missing_lines": 3, "excluded_lines": 0, "percent_statements_covered": 0.0, "percent_statements_covered_display": "0"}, "missing_lines": [73, 74, 75], "excluded_lines": [], "start_line": 72}, "WorkerJobResult.from_dict": {"executed_lines": [], "summary": {"covered_lines": 0, "num_statements": 2, "percent_covered": 0.0, "percent_covered_display": "0", "missing_lines": 2, "excluded_lines": 0, "percent_statements_covered": 0.0, "percent_statements_covered_display": "0"}, "missing_lines": [79, 80], "excluded_lines": [], "start_line": 78}, "verify_artifacts": {"executed_lines": [], "summary": {"covered_lines": 0, "num_statements": 12, "percent_covered": 0.0, "percent_covered_display": "0", "missing_lines": 12, "excluded_lines": 0, "percent_statements_covered": 0.0, "percent_statements_covered_display": "0"}, "missing_lines": [96, 97, 98, 99, 100, 101, 102, 103, 104, 105, 106, 115], "excluded_lines": [], "start_line": 95}, "write_worker_result": {"executed_lines": [], "summary": {"covered_lines": 0, "num_statements": 3, "percent_covered": 0.0, "percent_covered_display": "0", "missing_lines": 3, "excluded_lines": 0, "percent_statements_covered": 0.0, "percent_statements_covered_display": "0"}, "missing_lines": [119, 120, 121], "excluded_lines": [], "start_line": 118}, "read_worker_result": {"executed_lines": [], "summary": {"covered_lines": 0, "num_statements": 1, "percent_covered": 0.0, "percent_covered_display": "0", "missing_lines": 1, "excluded_lines": 0, "percent_statements_covered": 0.0, "percent_statements_covered_display": "0"}, "missing_lines": [125], "excluded_lines": [], "start_line": 124}, "": {"executed_lines": [], "summary": {"covered_lines": 0, "num_statements": 48, "percent_covered": 0.0, "percent_covered_display": "0", "missing_lines": 48, "excluded_lines": 0, "percent_statements_covered": 0.0, "percent_statements_covered_display": "0"}, "missing_lines": [7, 9, 10, 11, 12, 13, 14, 15, 17, 18, 21, 25, 33, 34, 35, 36, 37, 38, 39, 40, 42, 46, 47, 48, 49, 50, 51, 52, 54, 58, 59, 60, 61, 62, 63, 64, 65, 66, 67, 68, 69, 70, 72, 77, 78, 95, 118, 124], "excluded_lines": [], "start_line": 1}}, "classes": {"WorkerArtifact": {"executed_lines": [], "summary": {"covered_lines": 0, "num_statements": 1, "percent_covered": 0.0, "percent_covered_display": "0", "missing_lines": 1, "excluded_lines": 0, "percent_statements_covered": 0.0, "percent_statements_covered_display": "0"}, "missing_lines": [43], "excluded_lines": [], "start_line": 34}, "WorkerJobRequest": {"executed_lines": [], "summary": {"covered_lines": 0, "num_statements": 1, "percent_covered": 0.0, "percent_covered_display": "0", "missing_lines": 1, "excluded_lines": 0, "percent_statements_covered": 0.0, "percent_statements_covered_display": "0"}, "missing_lines": [55], "excluded_lines": [], "start_line": 47}, "WorkerJobResult": {"executed_lines": [], "summary": {"covered_lines": 0, "num_statements": 5, "percent_covered": 0.0, "percent_covered_display": "0", "missing_lines": 5, "excluded_lines": 0, "percent_statements_covered": 0.0, "percent_statements_covered_display": "0"}, "missing_lines": [73, 74, 75, 79, 80], "excluded_lines": [], "start_line": 59}, "": {"executed_lines": [], "summary": {"covered_lines": 0, "num_statements": 70, "percent_covered": 0.0, "percent_covered_display": "0", "missing_lines": 70, "excluded_lines": 0, "percent_statements_covered": 0.0, "percent_statements_covered_display": "0"}, "missing_lines": [7, 9, 10, 11, 12, 13, 14, 15, 17, 18, 21, 22, 25, 26, 27, 28, 29, 30, 33, 34, 35, 36, 37, 38, 39, 40, 42, 46, 47, 48, 49, 50, 51, 52, 54, 58, 59, 60, 61, 62, 63, 64, 65, 66, 67, 68, 69, 70, 72, 77, 78, 95, 96, 97, 98, 99, 100, 101, 102, 103, 104, 105, 106, 115, 118, 119, 120, 121, 124, 125], "excluded_lines": [], "start_line": 1}}}, "scripts/vibecodekit_mql5/workflow_mode.py": {"executed_lines": [2, 4, 5, 7, 8, 9, 12, 13, 14, 15, 16, 17, 18, 20, 30, 31, 32, 34, 35, 38, 39, 40, 41, 42, 44, 47, 52, 55, 56, 57, 58, 60], "summary": {"covered_lines": 32, "num_statements": 43, "percent_covered": 74.4186046511628, "percent_covered_display": "74", "missing_lines": 11, "excluded_lines": 0, "percent_statements_covered": 74.4186046511628, "percent_statements_covered_display": "74"}, "missing_lines": [21, 33, 36, 43, 45, 46, 48, 49, 50, 51, 59], "excluded_lines": [], "functions": {"ModeResult.to_dict": {"executed_lines": [], "summary": {"covered_lines": 0, "num_statements": 1, "percent_covered": 0.0, "percent_covered_display": "0", "missing_lines": 1, "excluded_lines": 0, "percent_statements_covered": 0.0, "percent_statements_covered_display": "0"}, "missing_lines": [21], "excluded_lines": [], "start_line": 20}, "resolve_mode": {"executed_lines": [31, 32, 34, 35, 38, 39, 40, 41, 42, 44, 47, 52], "summary": {"covered_lines": 12, "num_statements": 21, "percent_covered": 57.142857142857146, "percent_covered_display": "57", "missing_lines": 9, "excluded_lines": 0, "percent_statements_covered": 57.142857142857146, "percent_statements_covered_display": "57"}, "missing_lines": [33, 36, 43, 45, 46, 48, 49, 50, 51], "excluded_lines": [], "start_line": 30}, "backtest_required": {"executed_lines": [56, 57, 58, 60], "summary": {"covered_lines": 4, "num_statements": 5, "percent_covered": 80.0, "percent_covered_display": "80", "missing_lines": 1, "excluded_lines": 0, "percent_statements_covered": 80.0, "percent_statements_covered_display": "80"}, "missing_lines": [59], "excluded_lines": [], "start_line": 55}, "": {"executed_lines": [2, 4, 5, 7, 8, 9, 12, 13, 14, 15, 16, 17, 18, 20, 30, 55], "summary": {"covered_lines": 16, "num_statements": 16, "percent_covered": 100.0, "percent_covered_display": "100", "missing_lines": 0, "excluded_lines": 0, "percent_statements_covered": 100.0, "percent_statements_covered_display": "100"}, "missing_lines": [], "excluded_lines": [], "start_line": 1}}, "classes": {"ModeResult": {"executed_lines": [], "summary": {"covered_lines": 0, "num_statements": 1, "percent_covered": 0.0, "percent_covered_display": "0", "missing_lines": 1, "excluded_lines": 0, "percent_statements_covered": 0.0, "percent_statements_covered_display": "0"}, "missing_lines": [21], "excluded_lines": [], "start_line": 13}, "": {"executed_lines": [2, 4, 5, 7, 8, 9, 12, 13, 14, 15, 16, 17, 18, 20, 30, 31, 32, 34, 35, 38, 39, 40, 41, 42, 44, 47, 52, 55, 56, 57, 58, 60], "summary": {"covered_lines": 32, "num_statements": 42, "percent_covered": 76.19047619047619, "percent_covered_display": "76", "missing_lines": 10, "excluded_lines": 0, "percent_statements_covered": 76.19047619047619, "percent_statements_covered_display": "76"}, "missing_lines": [33, 36, 43, 45, 46, 48, 49, 50, 51, 59], "excluded_lines": [], "start_line": 1}}}}, "totals": {"covered_lines": 3520, "num_statements": 19310, "percent_covered": 18.228896944588296, "percent_covered_display": "18", "missing_lines": 15790, "excluded_lines": 101, "percent_statements_covered": 18.228896944588296, "percent_statements_covered_display": "18"}}